rank #0: 2017-07-18 13:18:26,432 rsdfit.fitting_driver INFO     rank 0 on utley        using L-BFGS soler to find the maximum probability values to use as initialization
rank #0: 2017-07-18 13:18:26,432 rsdfit.lbfgs_fitter INFO     running LBFGS minimizer with priors
rank #0: 2017-07-18 13:18:26,432 root         INFO     Iter          b1   sigma_fog   F(X)     
rank #0: 2017-07-18 13:18:26,668 LBFGS        INFO     options = {'factr': 100000.0, 'gtol': 1e-05, 'test_convergence': False}
rank #0: 2017-07-18 13:18:26,668 LBFGS        PARAM    0000          2.000000          4.000000        136.919386
rank #0: 2017-07-18 13:18:26,778 LBFGS        PARAM    0001          1.630067          3.993740        120.801108
rank #0: 2017-07-18 13:18:26,860 LBFGS        PARAM    0002          1.759096          3.974314        109.085420
rank #0: 2017-07-18 13:18:26,936 LBFGS        PARAM    0003          1.787006          3.941977        108.281337
rank #0: 2017-07-18 13:18:27,010 LBFGS        PARAM    0004          1.795219          3.890805        107.592702
rank #0: 2017-07-18 13:18:27,086 LBFGS        PARAM    0005          1.814701          3.485330        103.513758
rank #0: 2017-07-18 13:18:27,162 LBFGS        PARAM    0006          1.798020          2.965864         99.325867
rank #0: 2017-07-18 13:18:27,238 LBFGS        PARAM    0007          1.733365          2.390763         95.232365
rank #0: 2017-07-18 13:18:27,307 LBFGS        PARAM    0008          1.701367          2.260710         94.675239
rank #0: 2017-07-18 13:18:27,382 LBFGS        PARAM    0009          1.697927          2.269633         94.663324
rank #0: 2017-07-18 13:18:27,456 LBFGS        PARAM    0010          1.697889          2.277653         94.662828
rank #0: 2017-07-18 13:18:27,527 LBFGS        PARAM    0011          1.697986          2.279176         94.662817
rank #0: 2017-07-18 13:18:27,601 LBFGS        PARAM    0012          1.697996          2.279230         94.662817
rank #0: 2017-07-18 13:18:27,678 LBFGS        PARAM    0013          1.697997          2.279230         94.662817
rank #0: 2017-07-18 13:18:27,749 LBFGS        PARAM    0014          1.697997          2.279230         94.662817
rank #0: 2017-07-18 13:18:27,854 LBFGS        WARNING  Divide-by-zero encountered: rhok assumed large
rank #0: 2017-07-18 13:18:27,854 LBFGS        WARNING  error taking the LBFGS step: no difference in gradient norm; cannot compute LBFGS step
rank #0: 2017-07-18 13:18:27,855 LBFGS        INFO     Algorithm has not moved, stopping
rank #0: 2017-07-18 13:18:27,855 LBFGS        PARAM    0014          1.697997          2.279230         94.662817
rank #0: 2017-07-18 13:18:27,855 rsdfit.lbfgs_fitter WARNING  ...LBFGS optimization finished. Time elapsed: 0:00:01.19
rank #0: 2017-07-18 13:18:27,855 rsdfit.lbfgs_fitter ERROR    nonlinear fit with method L-BFGS-B failed: Algorithm has not moved, stopping
rank #0: 2017-07-18 13:18:27,856 rsdfit.fitting_driver INFO     rank 0 on utley        ...done compute maximum probability
rank #0: 2017-07-18 13:18:27,856 rsdfit.fitting_driver INFO     rank 0 on utley        Calling the 'mcmc' solve function
rank #0: 2017-07-18 13:18:27,857 rsdfit.emcee_fitter WARNING  EMCEE: initializing walkers in random ball around maximum probability parameters
rank #0: 2017-07-18 13:18:27,857 rsdfit.emcee_fitter WARNING  EMCEE: initializing sampler with 10 walkers
rank #0: 2017-07-18 13:18:27,865 rsdfit.emcee_fitter WARNING  EMCEE: running 1000 iterations with 2 free parameters...
rank #0: 2017-07-18 13:18:28,173 rsdfit.emcee_fitter WARNING  EMCEE Iteration      0/1000  : 10 walkers, 2 parameters
      best logp = -94.6628 (reached at iter 0, walker 3)
      acceptance_fraction (0.0->1.0 (median 1.0))
  b1              = 1.69825 +/- 0.00129047   (best=1.698)
  sigma_fog       = 2.27939 +/- 0.000960902  (best=2.27726)

rank #0: 2017-07-18 13:18:28,329 rsdfit.emcee_fitter WARNING  EMCEE Iteration      1/1000  : 10 walkers, 2 parameters
      best logp = -94.6628 (reached at iter 0, walker 3)
      acceptance_fraction (0.0->1.0 (median 1.0))
  b1              = 1.69825 +/- 0.0017248    (best=1.698) (autocorr: 2)
  sigma_fog       = 2.2792 +/- 0.00114017   (best=2.27726) (autocorr: 2)

rank #0: 2017-07-18 13:18:28,482 rsdfit.emcee_fitter WARNING  EMCEE Iteration      2/1000  : 10 walkers, 2 parameters
      best logp = -94.6628 (reached at iter 2, walker 9)
      acceptance_fraction (0.3333333333333333->1.0 (median 1.0))
  b1              = 1.69825 +/- 0.00177808   (best=1.69789) (autocorr: 3)
  sigma_fog       = 2.27919 +/- 0.00117964   (best=2.27834) (autocorr: 3)

rank #0: 2017-07-18 13:18:28,638 rsdfit.emcee_fitter WARNING  EMCEE Iteration      3/1000  : 10 walkers, 2 parameters
      best logp = -94.6628 (reached at iter 2, walker 9)
      acceptance_fraction (0.5->1.0 (median 1.0))
  b1              = 1.69801 +/- 0.00232802   (best=1.69789) (autocorr: 3.99)
  sigma_fog       = 2.27919 +/- 0.001337     (best=2.27834) (autocorr: 3.99)

rank #0: 2017-07-18 13:18:28,803 rsdfit.emcee_fitter WARNING  EMCEE Iteration      4/1000  : 10 walkers, 2 parameters
      best logp = -94.6628 (reached at iter 2, walker 9)
      acceptance_fraction (0.6->1.0 (median 1.0))
  b1              = 1.69801 +/- 0.00311057   (best=1.69789)
  sigma_fog       = 2.27922 +/- 0.00162789   (best=2.27834)

rank #0: 2017-07-18 13:18:28,966 rsdfit.emcee_fitter WARNING  EMCEE Iteration      5/1000  : 10 walkers, 2 parameters
      best logp = -94.6628 (reached at iter 2, walker 9)
      acceptance_fraction (0.6666666666666666->1.0 (median 1.0))
  b1              = 1.69795 +/- 0.00376926   (best=1.69789)
  sigma_fog       = 2.27923 +/- 0.00244523   (best=2.27834)

rank #0: 2017-07-18 13:18:29,127 rsdfit.emcee_fitter WARNING  EMCEE Iteration      6/1000  : 10 walkers, 2 parameters
      best logp = -94.6628 (reached at iter 2, walker 9)
      acceptance_fraction (0.7142857142857143->1.0 (median 0.9285714285714286))
  b1              = 1.69795 +/- 0.00447606   (best=1.69789)
  sigma_fog       = 2.27926 +/- 0.00313004   (best=2.27834)

rank #0: 2017-07-18 13:18:29,287 rsdfit.emcee_fitter WARNING  EMCEE Iteration      7/1000  : 10 walkers, 2 parameters
      best logp = -94.6628 (reached at iter 2, walker 9)
      acceptance_fraction (0.75->1.0 (median 0.9375))
  b1              = 1.69795 +/- 0.00758586   (best=1.69789)
  sigma_fog       = 2.27926 +/- 0.00461196   (best=2.27834)

rank #0: 2017-07-18 13:18:29,443 rsdfit.emcee_fitter WARNING  EMCEE Iteration      8/1000  : 10 walkers, 2 parameters
      best logp = -94.6628 (reached at iter 2, walker 9)
      acceptance_fraction (0.7777777777777778->1.0 (median 0.8888888888888888))
  b1              = 1.69795 +/- 0.00968597   (best=1.69789)
  sigma_fog       = 2.27923 +/- 0.00547793   (best=2.27834)

rank #0: 2017-07-18 13:18:29,601 rsdfit.emcee_fitter WARNING  EMCEE Iteration      9/1000  : 10 walkers, 2 parameters
      best logp = -94.6628 (reached at iter 2, walker 9)
      acceptance_fraction (0.8->1.0 (median 0.9))
  b1              = 1.69801 +/- 0.0113786    (best=1.69789)
  sigma_fog       = 2.27921 +/- 0.00627229   (best=2.27834)

rank #0: 2017-07-18 13:18:29,762 rsdfit.emcee_fitter WARNING  EMCEE Iteration     10/1000  : 10 walkers, 2 parameters
      best logp = -94.6628 (reached at iter 2, walker 9)
      acceptance_fraction (0.8181818181818182->1.0 (median 0.9090909090909091))
  b1              = 1.69811 +/- 0.0136263    (best=1.69789)
  sigma_fog       = 2.27891 +/- 0.00790923   (best=2.27834)

rank #0: 2017-07-18 13:18:30,078 rsdfit.emcee_fitter WARNING  EMCEE Iteration     12/1000  : 10 walkers, 2 parameters
      best logp = -94.6628 (reached at iter 2, walker 9)
      acceptance_fraction (0.7692307692307693->0.9230769230769231 (median 0.8461538461538461))
  b1              = 1.69835 +/- 0.0196387    (best=1.69789)
  sigma_fog       = 2.27801 +/- 0.0108264    (best=2.27834)

rank #0: 2017-07-18 13:18:30,265 rsdfit.emcee_fitter WARNING  EMCEE: exception occurred - trying to save current state of chain
rank #0: 2017-07-18 13:18:30,266 rsdfit.emcee_fitter WARNING     traceback:
Traceback (most recent call last):
  File "/Users/nhand/anaconda/envs/py36/lib/python3.6/site-packages/pyRSD-0.1.9-py3.6-macosx-10.7-x86_64.egg/pyRSD/rsdfit/driver.py", line 723, in lnprob
    lnlike = self.lnlike()
  File "/Users/nhand/anaconda/envs/py36/lib/python3.6/site-packages/pyRSD-0.1.9-py3.6-macosx-10.7-x86_64.egg/pyRSD/rsdfit/driver.py", line 691, in lnlike
    return -0.5*self.chi2(theta=theta)
  File "/Users/nhand/anaconda/envs/py36/lib/python3.6/site-packages/pyRSD-0.1.9-py3.6-macosx-10.7-x86_64.egg/pyRSD/rsdfit/driver.py", line 671, in chi2
    diff = self.combined_model - self.data.combined_power
  File "/Users/nhand/anaconda/envs/py36/lib/python3.6/site-packages/pyRSD-0.1.9-py3.6-macosx-10.7-x86_64.egg/pyRSD/rsdfit/driver.py", line 603, in combined_model
    return self._model_callable()
  File "/Users/nhand/anaconda/envs/py36/lib/python3.6/site-packages/pyRSD-0.1.9-py3.6-macosx-10.7-x86_64.egg/pyRSD/rsd/power/dm/power_dm.py", line 1058, in from_transfer
    power = self.power(grid.k[grid.notnull], grid.mu[grid.notnull])
KeyboardInterrupt

During handling of the above exception, another exception occurred:

Traceback (most recent call last):
  File "/Users/nhand/anaconda/envs/py36/lib/python3.6/site-packages/pyRSD-0.1.9-py3.6-macosx-10.7-x86_64.egg/pyRSD/rsdfit/solvers/emcee_solver.py", line 350, in run
    for niter, result in manager.sample(p0, lnprob0):
  File "/Users/nhand/anaconda/envs/py36/lib/python3.6/site-packages/emcee/ensemble.py", line 259, in sample
    lnprob[S0])
  File "/Users/nhand/anaconda/envs/py36/lib/python3.6/site-packages/emcee/ensemble.py", line 332, in _propose_stretch
    newlnprob, blob = self._get_lnprob(q)
  File "/Users/nhand/anaconda/envs/py36/lib/python3.6/site-packages/emcee/ensemble.py", line 382, in _get_lnprob
    results = list(M(self.lnprobfn, [p[i] for i in range(len(p))]))
  File "/Users/nhand/anaconda/envs/py36/lib/python3.6/site-packages/emcee/ensemble.py", line 519, in __call__
    return self.f(x, *self.args, **self.kwargs)
RuntimeError: exception while computing log-likelihood:
   current parameters:
Parameters
__________
<Parameter 'alpha'              value=1               (fixed)             no prior>
<Parameter 'alpha_drag'         value=1               (fixed, fiducial)   no prior>
<Parameter 'alpha_par'          value=1               (fixed, fiducial)   Uniform(lower=0.8, upper=1.2)>
<Parameter 'alpha_perp'         value=1               (fixed, fiducial)   Uniform(lower=0.8, upper=1.2)>
<Parameter 'b1'                 value=1.7232          (free)              Uniform(lower=1.2, upper=6.0)>
<Parameter 'b1sigma8'           value=0.81809         (constrained)       no prior>
<Parameter 'epsilon'            value=0               (fixed)             no prior>
<Parameter 'f'                  value=0.88062         (fixed)             Uniform(lower=0.6, upper=1.0)>
<Parameter 'F_AP'               value=1               (fixed)             no prior>
<Parameter 'f_nl'               value=0               (fixed, fiducial)   Uniform(lower=-100.0, upper=100.0)>
<Parameter 'fsigma8'            value=0.41807         (fixed)             no prior>
<Parameter 'N'                  value=0               (fixed, fiducial)   Uniform(lower=-500.0, upper=500.0)>
<Parameter 'sigma8_z'           value=0.47475         (fixed)             Uniform(lower=0.3, upper=0.9)>
<Parameter 'sigma_fog'          value=2.2789          (free)              Uniform(lower=2.0, upper=8.0)>

Constraints
__________
F_AP = alpha_par/alpha_perp
alpha = (alpha_perp**2 * alpha_par)**(1./3)
b1sigma8 = b1*sigma8_z
epsilon = (alpha_perp/alpha_par)**(-1./3) - 1.0
fsigma8 = f*sigma8_z

   traceback:
Traceback (most recent call last):
  File "/Users/nhand/anaconda/envs/py36/lib/python3.6/site-packages/pyRSD-0.1.9-py3.6-macosx-10.7-x86_64.egg/pyRSD/rsdfit/driver.py", line 723, in lnprob
    lnlike = self.lnlike()
  File "/Users/nhand/anaconda/envs/py36/lib/python3.6/site-packages/pyRSD-0.1.9-py3.6-macosx-10.7-x86_64.egg/pyRSD/rsdfit/driver.py", line 691, in lnlike
    return -0.5*self.chi2(theta=theta)
  File "/Users/nhand/anaconda/envs/py36/lib/python3.6/site-packages/pyRSD-0.1.9-py3.6-macosx-10.7-x86_64.egg/pyRSD/rsdfit/driver.py", line 671, in chi2
    diff = self.combined_model - self.data.combined_power
  File "/Users/nhand/anaconda/envs/py36/lib/python3.6/site-packages/pyRSD-0.1.9-py3.6-macosx-10.7-x86_64.egg/pyRSD/rsdfit/driver.py", line 603, in combined_model
    return self._model_callable()
  File "/Users/nhand/anaconda/envs/py36/lib/python3.6/site-packages/pyRSD-0.1.9-py3.6-macosx-10.7-x86_64.egg/pyRSD/rsd/power/dm/power_dm.py", line 1058, in from_transfer
    power = self.power(grid.k[grid.notnull], grid.mu[grid.notnull])
  File "/Users/nhand/anaconda/envs/py36/lib/python3.6/site-packages/pyRSD-0.1.9-py3.6-macosx-10.7-x86_64.egg/pyRSD/rsd/tools.py", line 189, in wrap
    pkmu = f(self, *args, **kwargs)
  File "/Users/nhand/anaconda/envs/py36/lib/python3.6/site-packages/pyRSD-0.1.9-py3.6-macosx-10.7-x86_64.egg/pyRSD/rsd/power/qso/power_qso.py", line 237, in power
    pkmu = super(QuasarSpectrum, self).power(k, mu)
  File "/Users/nhand/anaconda/envs/py36/lib/python3.6/site-packages/pyRSD-0.1.9-py3.6-macosx-10.7-x86_64.egg/pyRSD/rsd/tools.py", line 241, in wrapper
    return np.squeeze(f(self, *args, **kwargs))
  File "/Users/nhand/anaconda/envs/py36/lib/python3.6/site-packages/pyRSD-0.1.9-py3.6-macosx-10.7-x86_64.egg/pyRSD/rsd/power/dm/power_dm.py", line 979, in power
    pkmu = self._power(k, mu)
  File "/Users/nhand/anaconda/envs/py36/lib/python3.6/site-packages/pyRSD-0.1.9-py3.6-macosx-10.7-x86_64.egg/pyRSD/rsd/power/dm/power_dm.py", line 1139, in _power
    toret += funcs[i](k, mu)
  File "/Users/nhand/anaconda/envs/py36/lib/python3.6/site-packages/pyRSD-0.1.9-py3.6-macosx-10.7-x86_64.egg/pyRSD/rsd/tools.py", line 199, in wrap
    pkmu = f(self, *args, **kwargs)
  File "/Users/nhand/anaconda/envs/py36/lib/python3.6/site-packages/pyRSD-0.1.9-py3.6-macosx-10.7-x86_64.egg/pyRSD/rsd/power/dm/power_dm.py", line 1081, in _P_mu4
    return mu**4 * self.P_mu4(k)
  File "/Users/nhand/anaconda/envs/py36/lib/python3.6/site-packages/pyRSD-0.1.9-py3.6-macosx-10.7-x86_64.egg/pyRSD/rsd/_cache.py", line 380, in wrapped
    val = f(self, interp_domain)
  File "/Users/nhand/anaconda/envs/py36/lib/python3.6/site-packages/pyRSD-0.1.9-py3.6-macosx-10.7-x86_64.egg/pyRSD/rsd/power/qso/power_qso.py", line 205, in P_mu4
    return self.f**2 * self.normed_power_lin(k)
  File "/Users/nhand/anaconda/envs/py36/lib/python3.6/site-packages/pyRSD-0.1.9-py3.6-macosx-10.7-x86_64.egg/pyRSD/rsd/power/dm/power_dm.py", line 772, in normed_power_lin
    return self._power_norm * self.power_lin(k)
  File "/Users/nhand/anaconda/envs/py36/lib/python3.6/site-packages/pyRSD-0.1.9-py3.6-macosx-10.7-x86_64.egg/pyRSD/gcl.py", line 1446, in __call__
    return _gcl.PowerSpectrum___call__(self, *args)
KeyboardInterrupt


rank #0: 2017-07-18 13:18:30,267 rsdfit.emcee_fitter WARNING  EMCEE: setting exception to true before exiting
rank #0: 2017-07-18 13:18:30,267 rsdfit.emcee_fitter WARNING  EMCEE: ...iterations finished. Time elapsed: 0:00:02.40
rank #0: 2017-07-18 13:18:30,267 rsdfit.emcee_fitter WARNING  EMCEE: mean acceptance fraction: 0.780
rank #0: 2017-07-18 13:18:30,290 rsdfit.emcee_fitter WARNING  EMCEE: exiting EMCEE fitter with exception = True
rank #0: 2017-07-18 13:18:30,290 rsdfit.fitting_driver INFO     rank 0 on utley        ...fitting complete
rank #0: 2017-07-18 13:18:30,291 rsdfit.fitting_driver INFO     rank 0 on utley        Saving the results to `/Users/nhand/Research/Analysis/thesis/eBOSS/v1.8/Results/Fits/QSO-N-0.9-1.2/2017-07-18_10x14_chain0__1.npz`
rank #0: 2017-07-18 13:18:30,298 FileLogger   ERROR    traceback:
Traceback (most recent call last):
  File "/Users/nhand/anaconda/envs/py36/lib/python3.6/site-packages/pyRSD-0.1.9-py3.6-macosx-10.7-x86_64.egg/pyRSD/rsdfit/driver.py", line 723, in lnprob
    lnlike = self.lnlike()
  File "/Users/nhand/anaconda/envs/py36/lib/python3.6/site-packages/pyRSD-0.1.9-py3.6-macosx-10.7-x86_64.egg/pyRSD/rsdfit/driver.py", line 691, in lnlike
    return -0.5*self.chi2(theta=theta)
  File "/Users/nhand/anaconda/envs/py36/lib/python3.6/site-packages/pyRSD-0.1.9-py3.6-macosx-10.7-x86_64.egg/pyRSD/rsdfit/driver.py", line 671, in chi2
    diff = self.combined_model - self.data.combined_power
  File "/Users/nhand/anaconda/envs/py36/lib/python3.6/site-packages/pyRSD-0.1.9-py3.6-macosx-10.7-x86_64.egg/pyRSD/rsdfit/driver.py", line 603, in combined_model
    return self._model_callable()
  File "/Users/nhand/anaconda/envs/py36/lib/python3.6/site-packages/pyRSD-0.1.9-py3.6-macosx-10.7-x86_64.egg/pyRSD/rsd/power/dm/power_dm.py", line 1058, in from_transfer
    power = self.power(grid.k[grid.notnull], grid.mu[grid.notnull])
KeyboardInterrupt

During handling of the above exception, another exception occurred:

Traceback (most recent call last):
  File "/Users/nhand/anaconda/envs/py36/lib/python3.6/site-packages/pyRSD-0.1.9-py3.6-macosx-10.7-x86_64.egg/pyRSD/rsdfit/rsdfit.py", line 267, in run
    raise logger.exception
  File "/Users/nhand/anaconda/envs/py36/lib/python3.6/site-packages/pyRSD-0.1.9-py3.6-macosx-10.7-x86_64.egg/pyRSD/rsdfit/solvers/emcee_solver.py", line 350, in run
    for niter, result in manager.sample(p0, lnprob0):
  File "/Users/nhand/anaconda/envs/py36/lib/python3.6/site-packages/emcee/ensemble.py", line 259, in sample
    lnprob[S0])
  File "/Users/nhand/anaconda/envs/py36/lib/python3.6/site-packages/emcee/ensemble.py", line 332, in _propose_stretch
    newlnprob, blob = self._get_lnprob(q)
  File "/Users/nhand/anaconda/envs/py36/lib/python3.6/site-packages/emcee/ensemble.py", line 382, in _get_lnprob
    results = list(M(self.lnprobfn, [p[i] for i in range(len(p))]))
RuntimeError: exception while computing log-likelihood:
   current parameters:
Parameters
__________
<Parameter 'alpha'              value=1               (fixed)             no prior>
<Parameter 'alpha_drag'         value=1               (fixed, fiducial)   no prior>
<Parameter 'alpha_par'          value=1               (fixed, fiducial)   Uniform(lower=0.8, upper=1.2)>
<Parameter 'alpha_perp'         value=1               (fixed, fiducial)   Uniform(lower=0.8, upper=1.2)>
<Parameter 'b1'                 value=1.7232          (free)              Uniform(lower=1.2, upper=6.0)>
<Parameter 'b1sigma8'           value=0.81809         (constrained)       no prior>
<Parameter 'epsilon'            value=0               (fixed)             no prior>
<Parameter 'f'                  value=0.88062         (fixed)             Uniform(lower=0.6, upper=1.0)>
<Parameter 'F_AP'               value=1               (fixed)             no prior>
<Parameter 'f_nl'               value=0               (fixed, fiducial)   Uniform(lower=-100.0, upper=100.0)>
<Parameter 'fsigma8'            value=0.41807         (fixed)             no prior>
<Parameter 'N'                  value=0               (fixed, fiducial)   Uniform(lower=-500.0, upper=500.0)>
<Parameter 'sigma8_z'           value=0.47475         (fixed)             Uniform(lower=0.3, upper=0.9)>
<Parameter 'sigma_fog'          value=2.2789          (free)              Uniform(lower=2.0, upper=8.0)>

Constraints
__________
F_AP = alpha_par/alpha_perp
alpha = (alpha_perp**2 * alpha_par)**(1./3)
b1sigma8 = b1*sigma8_z
epsilon = (alpha_perp/alpha_par)**(-1./3) - 1.0
fsigma8 = f*sigma8_z

   traceback:
Traceback (most recent call last):
  File "/Users/nhand/anaconda/envs/py36/lib/python3.6/site-packages/pyRSD-0.1.9-py3.6-macosx-10.7-x86_64.egg/pyRSD/rsdfit/driver.py", line 723, in lnprob
    lnlike = self.lnlike()
  File "/Users/nhand/anaconda/envs/py36/lib/python3.6/site-packages/pyRSD-0.1.9-py3.6-macosx-10.7-x86_64.egg/pyRSD/rsdfit/driver.py", line 691, in lnlike
    return -0.5*self.chi2(theta=theta)
  File "/Users/nhand/anaconda/envs/py36/lib/python3.6/site-packages/pyRSD-0.1.9-py3.6-macosx-10.7-x86_64.egg/pyRSD/rsdfit/driver.py", line 671, in chi2
    diff = self.combined_model - self.data.combined_power
  File "/Users/nhand/anaconda/envs/py36/lib/python3.6/site-packages/pyRSD-0.1.9-py3.6-macosx-10.7-x86_64.egg/pyRSD/rsdfit/driver.py", line 603, in combined_model
    return self._model_callable()
  File "/Users/nhand/anaconda/envs/py36/lib/python3.6/site-packages/pyRSD-0.1.9-py3.6-macosx-10.7-x86_64.egg/pyRSD/rsd/power/dm/power_dm.py", line 1058, in from_transfer
    power = self.power(grid.k[grid.notnull], grid.mu[grid.notnull])
  File "/Users/nhand/anaconda/envs/py36/lib/python3.6/site-packages/pyRSD-0.1.9-py3.6-macosx-10.7-x86_64.egg/pyRSD/rsd/tools.py", line 189, in wrap
    pkmu = f(self, *args, **kwargs)
  File "/Users/nhand/anaconda/envs/py36/lib/python3.6/site-packages/pyRSD-0.1.9-py3.6-macosx-10.7-x86_64.egg/pyRSD/rsd/power/qso/power_qso.py", line 237, in power
    pkmu = super(QuasarSpectrum, self).power(k, mu)
  File "/Users/nhand/anaconda/envs/py36/lib/python3.6/site-packages/pyRSD-0.1.9-py3.6-macosx-10.7-x86_64.egg/pyRSD/rsd/tools.py", line 241, in wrapper
    return np.squeeze(f(self, *args, **kwargs))
  File "/Users/nhand/anaconda/envs/py36/lib/python3.6/site-packages/pyRSD-0.1.9-py3.6-macosx-10.7-x86_64.egg/pyRSD/rsd/power/dm/power_dm.py", line 979, in power
    pkmu = self._power(k, mu)
  File "/Users/nhand/anaconda/envs/py36/lib/python3.6/site-packages/pyRSD-0.1.9-py3.6-macosx-10.7-x86_64.egg/pyRSD/rsd/power/dm/power_dm.py", line 1139, in _power
    toret += funcs[i](k, mu)
  File "/Users/nhand/anaconda/envs/py36/lib/python3.6/site-packages/pyRSD-0.1.9-py3.6-macosx-10.7-x86_64.egg/pyRSD/rsd/tools.py", line 199, in wrap
    pkmu = f(self, *args, **kwargs)
  File "/Users/nhand/anaconda/envs/py36/lib/python3.6/site-packages/pyRSD-0.1.9-py3.6-macosx-10.7-x86_64.egg/pyRSD/rsd/power/dm/power_dm.py", line 1081, in _P_mu4
    return mu**4 * self.P_mu4(k)
  File "/Users/nhand/anaconda/envs/py36/lib/python3.6/site-packages/pyRSD-0.1.9-py3.6-macosx-10.7-x86_64.egg/pyRSD/rsd/_cache.py", line 380, in wrapped
    val = f(self, interp_domain)
  File "/Users/nhand/anaconda/envs/py36/lib/python3.6/site-packages/pyRSD-0.1.9-py3.6-macosx-10.7-x86_64.egg/pyRSD/rsd/power/qso/power_qso.py", line 205, in P_mu4
    return self.f**2 * self.normed_power_lin(k)
  File "/Users/nhand/anaconda/envs/py36/lib/python3.6/site-packages/pyRSD-0.1.9-py3.6-macosx-10.7-x86_64.egg/pyRSD/rsd/power/dm/power_dm.py", line 772, in normed_power_lin
    return self._power_norm * self.power_lin(k)
  File "/Users/nhand/anaconda/envs/py36/lib/python3.6/site-packages/pyRSD-0.1.9-py3.6-macosx-10.7-x86_64.egg/pyRSD/gcl.py", line 1446, in __call__
    return _gcl.PowerSpectrum___call__(self, *args)
KeyboardInterrupt


