rank #0: 2017-10-12 12:00:47,499 rsdfit.fitting_driver INFO     rank 0 on utley        using L-BFGS soler to find the maximum probability values to use as initialization
rank #0: 2017-10-12 12:00:47,499 rsdfit.lbfgs_fitter INFO     running LBFGS minimizer with priors
rank #0: 2017-10-12 12:00:47,499 root         INFO     Iter   alpha_par   alpha_perp          b1           f    sigma8_z   sigma_fog   F(X)     
rank #0: 2017-10-12 12:00:48,142 LBFGS        INFO     options = {'factr': 100000.0, 'gtol': 1e-05, 'maxiter': 1000, 'test_convergence': False}
rank #0: 2017-10-12 12:00:48,143 LBFGS        PARAM    0000          1.000000          1.000000          2.000000          0.931068          0.397688          4.000000        259.028447
rank #0: 2017-10-12 12:00:48,727 LBFGS        PARAM    0001          0.999835          0.999794          2.002264          0.931179          0.399924          3.998350        243.812682
rank #0: 2017-10-12 12:00:49,232 LBFGS        PARAM    0002          0.994826          0.995733          2.053362          0.933014          0.444453          3.985839        128.378272
rank #0: 2017-10-12 12:00:49,763 LBFGS        PARAM    0003          0.995215          0.997297          2.040474          0.932071          0.432927          4.007685        116.573931
rank #0: 2017-10-12 12:00:50,296 LBFGS        PARAM    0004          0.994341          0.997422          2.043280          0.931846          0.434634          4.019344        115.478133
rank #0: 2017-10-12 12:00:50,834 LBFGS        PARAM    0005          0.991827          0.998242          2.048080          0.930900          0.436455          4.060238        113.778150
rank #0: 2017-10-12 12:00:51,355 LBFGS        PARAM    0006          0.985556          1.000704          2.057200          0.928275          0.438306          4.168014        110.676163
rank #0: 2017-10-12 12:00:51,859 LBFGS        PARAM    0007          0.976637          1.004723          2.067473          0.924231          0.438287          4.323753        107.340351
rank #0: 2017-10-12 12:00:52,381 LBFGS        PARAM    0008          0.971190          1.009011          2.073313          0.920700          0.435454          4.385775        105.834311
rank #0: 2017-10-12 12:00:52,878 LBFGS        PARAM    0009          0.970480          1.009810          2.074198          0.920095          0.434857          4.388088        105.784246
rank #0: 2017-10-12 12:00:53,383 LBFGS        PARAM    0010          0.970184          1.010264          2.074774          0.919769          0.434611          4.385113        105.762906
rank #0: 2017-10-12 12:00:53,882 LBFGS        PARAM    0011          0.968919          1.012316          2.077686          0.918303          0.433764          4.366704        105.675420
rank #0: 2017-10-12 12:00:54,403 LBFGS        PARAM    0012          0.966912          1.015602          2.082766          0.915946          0.432741          4.332444        105.548823
rank #0: 2017-10-12 12:00:54,913 LBFGS        PARAM    0013          0.963989          1.020046          2.090229          0.912656          0.431726          4.279257        105.390443
rank #0: 2017-10-12 12:00:55,488 LBFGS        PARAM    0014          0.962016          1.021763          2.094016          0.911013          0.431440          4.245598        105.311346
rank #0: 2017-10-12 12:00:56,074 LBFGS        PARAM    0015          0.961564          1.021532          2.094308          0.910910          0.431573          4.237386        105.294483
rank #0: 2017-10-12 12:00:56,727 LBFGS        PARAM    0016          0.961531          1.021108          2.093886          0.911086          0.431651          4.237605        105.290401
rank #0: 2017-10-12 12:00:57,303 LBFGS        PARAM    0017          0.961233          1.020198          2.093059          0.911374          0.431699          4.236740        105.280708
rank #0: 2017-10-12 12:00:57,894 LBFGS        PARAM    0018          0.959988          1.018434          2.091802          0.911661          0.431533          4.229353        105.257563
rank #0: 2017-10-12 12:00:58,471 LBFGS        PARAM    0019          0.956038          1.014815          2.089966          0.911687          0.430667          4.201858        105.201741
rank #0: 2017-10-12 12:00:59,038 LBFGS        PARAM    0020          0.946894          1.008682          2.088136          0.910756          0.428288          4.133521        105.094836
rank #0: 2017-10-12 12:00:59,612 LBFGS        PARAM    0021          0.932589          1.001579          2.087772          0.908333          0.424176          4.021666        104.955032
rank #0: 2017-10-12 12:01:00,207 LBFGS        PARAM    0022          0.921923          0.999051          2.087967          0.906912          0.421137          3.936164        104.861270
rank #0: 2017-10-12 12:01:00,788 LBFGS        PARAM    0023          0.920125          1.000292          2.088262          0.906855          0.420570          3.920894        104.837164
rank #0: 2017-10-12 12:01:01,364 LBFGS        PARAM    0024          0.920970          1.001329          2.088275          0.907129          0.420834          3.927136        104.834006
rank #0: 2017-10-12 12:01:01,931 LBFGS        PARAM    0025          0.921548          1.002199          2.087886          0.907576          0.421113          3.931666        104.830463
rank #0: 2017-10-12 12:01:02,501 LBFGS        PARAM    0026          0.922156          1.004260          2.085524          0.909377          0.421862          3.937792        104.817844
rank #0: 2017-10-12 12:01:03,082 LBFGS        PARAM    0027          0.921353          1.007746          2.078080          0.914194          0.423322          3.937095        104.786989
rank #0: 2017-10-12 12:01:03,784 LBFGS        PARAM    0028          0.915534          1.014172          2.056380          0.927164          0.426438          3.909352        104.708457
rank #0: 2017-10-12 12:01:04,415 LBFGS        PARAM    0029          0.896061          1.025318          2.002219          0.958146          0.432669          3.803126        104.528637
rank #0: 2017-10-12 12:01:05,007 LBFGS        PARAM    0030          0.848986          1.042402          1.890096          1.020679          0.443632          3.531445        104.198541
rank #0: 2017-10-12 12:01:05,579 LBFGS        PARAM    0031          0.802119          1.053274          1.785839          1.078451          0.452896          3.253325        103.951293
rank #0: 2017-10-12 12:01:06,140 LBFGS        PARAM    0032          0.805221          1.048945          1.781110          1.081445          0.454157          3.283377        103.787669
rank #0: 2017-10-12 12:01:06,723 LBFGS        PARAM    0033          0.806024          1.043319          1.792178          1.075059          0.452214          3.289420        103.763423
rank #0: 2017-10-12 12:01:07,289 LBFGS        PARAM    0034          0.806046          1.043959          1.787292          1.077753          0.452963          3.295383        103.757203
rank #0: 2017-10-12 12:01:07,862 LBFGS        PARAM    0035          0.806034          1.043775          1.788457          1.077019          0.452694          3.292592        103.756897
rank #0: 2017-10-12 12:01:08,436 LBFGS        PARAM    0036          0.806070          1.043475          1.789108          1.076564          0.452535          3.292404        103.756835
rank #0: 2017-10-12 12:01:09,014 LBFGS        PARAM    0037          0.806112          1.043343          1.789347          1.076390          0.452478          3.292591        103.756828
rank #0: 2017-10-12 12:01:09,582 LBFGS        PARAM    0038          0.806107          1.043345          1.789334          1.076398          0.452480          3.292595        103.756828
rank #0: 2017-10-12 12:01:10,403 LBFGS        PARAM    0039          0.806107          1.043345          1.789334          1.076398          0.452480          3.292595        103.756828
rank #0: 2017-10-12 12:01:30,094 LBFGS        PARAM    0040          0.806107          1.043345          1.789335          1.076398          0.452480          3.292593        103.756828
rank #0: 2017-10-12 12:01:31,281 LBFGS        PARAM    0041          0.806107          1.043345          1.789335          1.076398          0.452480          3.292593        103.756828
rank #0: 2017-10-12 12:01:32,262 LBFGS        PARAM    0042          0.806107          1.043345          1.789335          1.076398          0.452480          3.292593        103.756828
rank #0: 2017-10-12 12:01:32,905 LBFGS        PARAM    0043          0.806108          1.043345          1.789335          1.076398          0.452480          3.292592        103.756828
rank #0: 2017-10-12 12:02:03,247 LBFGS        INFO     Linesearch failed in both LBFGS and gradient directions
rank #0: 2017-10-12 12:02:03,248 LBFGS        PARAM    0043          0.806108          1.043345          1.789335          1.076398          0.452480          3.292592        103.756828
rank #0: 2017-10-12 12:02:03,249 rsdfit.lbfgs_fitter WARNING  ...LBFGS optimization finished. Time elapsed: 0:01:15.11
rank #0: 2017-10-12 12:02:03,249 rsdfit.lbfgs_fitter ERROR    nonlinear fit with method L-BFGS-B failed: Linesearch failed in both LBFGS and gradient directions
rank #0: 2017-10-12 12:02:03,252 rsdfit.fitting_driver INFO     rank 0 on utley        ...done compute maximum probability
rank #0: 2017-10-12 12:02:03,253 rsdfit.fitting_driver INFO     rank 0 on utley        Calling the 'mcmc' solve function
rank #0: 2017-10-12 12:02:03,255 rsdfit.emcee_fitter WARNING  EMCEE: initializing walkers in random ball around maximum probability parameters
rank #0: 2017-10-12 12:02:03,255 rsdfit.emcee_fitter WARNING  EMCEE: initializing sampler with 30 walkers
rank #0: 2017-10-12 12:02:03,264 rsdfit.emcee_fitter WARNING  EMCEE: running 2000 iterations with 6 free parameters...
rank #0: 2017-10-12 12:02:08,877 rsdfit.emcee_fitter WARNING  EMCEE Iteration      0/2000  : 30 walkers, 6 parameters
      best logp = -103.76 (reached at iter 0, walker 12)
      acceptance_fraction (0.0->1.0 (median 1.0))
  alpha_par       = 0.806067 +/- 0.00155138   (best=0.805893)
  alpha_perp      = 1.04298 +/- 0.00149419   (best=1.04252)
  b1              = 1.78951 +/- 0.00114431   (best=1.78933)
  f               = 1.07599 +/- 0.00140121   (best=1.07604)
  sigma8_z        = 0.452583 +/- 0.00148679   (best=0.452512)
  sigma_fog       = 3.29307 +/- 0.00152719   (best=3.29311)

rank #0: 2017-10-12 12:02:11,179 rsdfit.emcee_fitter WARNING  EMCEE Iteration      1/2000  : 30 walkers, 6 parameters
      best logp = -103.758 (reached at iter 1, walker 5)
      acceptance_fraction (0.0->1.0 (median 1.0))
  alpha_par       = 0.806284 +/- 0.00211648   (best=0.806329) (autocorr: 2)
  alpha_perp      = 1.04301 +/- 0.00193143   (best=1.04398) (autocorr: 2)
  b1              = 1.78949 +/- 0.00120553   (best=1.79138) (autocorr: 2)
  f               = 1.07604 +/- 0.00177158   (best=1.07696) (autocorr: 2)
  sigma8_z        = 0.452681 +/- 0.0017752    (best=0.452052) (autocorr: 2)
  sigma_fog       = 3.29307 +/- 0.00176779   (best=3.29068) (autocorr: 2)

rank #0: 2017-10-12 12:02:13,540 rsdfit.emcee_fitter WARNING  EMCEE Iteration      2/2000  : 30 walkers, 6 parameters
      best logp = -103.758 (reached at iter 1, walker 5)
      acceptance_fraction (0.0->1.0 (median 0.6666666666666666))
  alpha_par       = 0.806233 +/- 0.00234657   (best=0.806329) (autocorr: 3)
  alpha_perp      = 1.04309 +/- 0.00239859   (best=1.04398) (autocorr: 3)
  b1              = 1.78949 +/- 0.00129681   (best=1.79138) (autocorr: 3)
  f               = 1.07604 +/- 0.00193534   (best=1.07696) (autocorr: 3)
  sigma8_z        = 0.452709 +/- 0.00197106   (best=0.452052) (autocorr: 3)
  sigma_fog       = 3.29311 +/- 0.00210258   (best=3.29068) (autocorr: 3)

rank #0: 2017-10-12 12:02:15,829 rsdfit.emcee_fitter WARNING  EMCEE Iteration      3/2000  : 30 walkers, 6 parameters
      best logp = -103.758 (reached at iter 1, walker 5)
      acceptance_fraction (0.25->1.0 (median 0.75))
  alpha_par       = 0.806247 +/- 0.00265942   (best=0.806329) (autocorr: 4)
  alpha_perp      = 1.04311 +/- 0.00324612   (best=1.04398) (autocorr: 4)
  b1              = 1.78949 +/- 0.00152349   (best=1.79138) (autocorr: 4)
  f               = 1.07609 +/- 0.00220769   (best=1.07696) (autocorr: 4)
  sigma8_z        = 0.452803 +/- 0.00224893   (best=0.452052) (autocorr: 4)
  sigma_fog       = 3.29327 +/- 0.00266286   (best=3.29068) (autocorr: 4)

rank #0: 2017-10-12 12:02:18,062 rsdfit.emcee_fitter WARNING  EMCEE Iteration      4/2000  : 30 walkers, 6 parameters
      best logp = -103.758 (reached at iter 1, walker 5)
      acceptance_fraction (0.2->1.0 (median 0.8))
  alpha_par       = 0.806247 +/- 0.00307515   (best=0.806329) (autocorr: 5)
  alpha_perp      = 1.04317 +/- 0.00400439   (best=1.04398) (autocorr: 5)
  b1              = 1.7895 +/- 0.00179597   (best=1.79138) (autocorr: 5)
  f               = 1.07613 +/- 0.00277149   (best=1.07696) (autocorr: 5)
  sigma8_z        = 0.452803 +/- 0.00254732   (best=0.452052) (autocorr: 5)
  sigma_fog       = 3.29343 +/- 0.00318066   (best=3.29068) (autocorr: 5)

rank #0: 2017-10-12 12:02:20,286 rsdfit.emcee_fitter WARNING  EMCEE Iteration      5/2000  : 30 walkers, 6 parameters
      best logp = -103.758 (reached at iter 1, walker 5)
      acceptance_fraction (0.16666666666666666->1.0 (median 0.75))
  alpha_par       = 0.806233 +/- 0.00330352   (best=0.806329) (autocorr: 5.99)
  alpha_perp      = 1.04321 +/- 0.00449543   (best=1.04398) (autocorr: 5.99)
  b1              = 1.78953 +/- 0.00212558   (best=1.79138) (autocorr: 5.99)
  f               = 1.07613 +/- 0.00337857   (best=1.07696) (autocorr: 5.99)
  sigma8_z        = 0.452834 +/- 0.0028172    (best=0.452052) (autocorr: 5.99)
  sigma_fog       = 3.29347 +/- 0.00357609   (best=3.29068) (autocorr: 5.99)

rank #0: 2017-10-12 12:02:22,474 rsdfit.emcee_fitter WARNING  EMCEE Iteration      6/2000  : 30 walkers, 6 parameters
      best logp = -103.758 (reached at iter 1, walker 5)
      acceptance_fraction (0.2857142857142857->1.0 (median 0.7142857142857143))
  alpha_par       = 0.806233 +/- 0.00392117   (best=0.806329) (autocorr: 6.99)
  alpha_perp      = 1.04324 +/- 0.00567129   (best=1.04398) (autocorr: 6.99)
  b1              = 1.78954 +/- 0.00270221   (best=1.79138) (autocorr: 6.99)
  f               = 1.07615 +/- 0.0040349    (best=1.07696) (autocorr: 6.99)
  sigma8_z        = 0.452803 +/- 0.00320226   (best=0.452052) (autocorr: 6.99)
  sigma_fog       = 3.29347 +/- 0.00425357   (best=3.29068) (autocorr: 6.99)

rank #0: 2017-10-12 12:02:24,683 rsdfit.emcee_fitter WARNING  EMCEE Iteration      7/2000  : 30 walkers, 6 parameters
      best logp = -103.758 (reached at iter 1, walker 5)
      acceptance_fraction (0.25->1.0 (median 0.6875))
  alpha_par       = 0.806247 +/- 0.00465388   (best=0.806329) (autocorr: 7.99)
  alpha_perp      = 1.04325 +/- 0.0071966    (best=1.04398) (autocorr: 7.99)
  b1              = 1.78956 +/- 0.00360073   (best=1.79138) (autocorr: 7.99)
  f               = 1.07617 +/- 0.00478726   (best=1.07696) (autocorr: 7.99)
  sigma8_z        = 0.452721 +/- 0.00383492   (best=0.452052) (autocorr: 7.99)
  sigma_fog       = 3.29343 +/- 0.0050406    (best=3.29068) (autocorr: 7.99)

rank #0: 2017-10-12 12:02:26,901 rsdfit.emcee_fitter WARNING  EMCEE Iteration      8/2000  : 30 walkers, 6 parameters
      best logp = -103.758 (reached at iter 1, walker 5)
      acceptance_fraction (0.3333333333333333->1.0 (median 0.6666666666666666))
  alpha_par       = 0.806255 +/- 0.00552463   (best=0.806329) (autocorr: 8.98)
  alpha_perp      = 1.04325 +/- 0.00884611   (best=1.04398) (autocorr: 8.98)
  b1              = 1.78963 +/- 0.0047851    (best=1.79138) (autocorr: 8.98)
  f               = 1.07619 +/- 0.00540626   (best=1.07696) (autocorr: 8.98)
  sigma8_z        = 0.452681 +/- 0.00433344   (best=0.452052) (autocorr: 8.98)
  sigma_fog       = 3.29339 +/- 0.00642197   (best=3.29068) (autocorr: 8.98)

rank #0: 2017-10-12 12:02:29,267 rsdfit.emcee_fitter WARNING  EMCEE Iteration      9/2000  : 30 walkers, 6 parameters
      best logp = -103.758 (reached at iter 1, walker 5)
      acceptance_fraction (0.3->0.9 (median 0.7))
  alpha_par       = 0.806266 +/- 0.00621606   (best=0.806329)
  alpha_perp      = 1.04325 +/- 0.00999514   (best=1.04398)
  b1              = 1.78966 +/- 0.00555491   (best=1.79138)
  f               = 1.07626 +/- 0.00590385   (best=1.07696)
  sigma8_z        = 0.452533 +/- 0.00471355   (best=0.452052)
  sigma_fog       = 3.29333 +/- 0.00738102   (best=3.29068)

rank #0: 2017-10-12 12:02:31,600 rsdfit.emcee_fitter WARNING  EMCEE Iteration     10/2000  : 30 walkers, 6 parameters
      best logp = -103.758 (reached at iter 1, walker 5)
      acceptance_fraction (0.2727272727272727->0.9090909090909091 (median 0.6363636363636364))
  alpha_par       = 0.806297 +/- 0.00727676   (best=0.806329)
  alpha_perp      = 1.04342 +/- 0.0117744    (best=1.04398)
  b1              = 1.78969 +/- 0.00731365   (best=1.79138)
  f               = 1.07639 +/- 0.00665694   (best=1.07696)
  sigma8_z        = 0.452533 +/- 0.00528344   (best=0.452052)
  sigma_fog       = 3.2933 +/- 0.00899098   (best=3.29068)

rank #0: 2017-10-12 12:02:36,156 rsdfit.emcee_fitter WARNING  EMCEE Iteration     12/2000  : 30 walkers, 6 parameters
      best logp = -103.758 (reached at iter 1, walker 5)
      acceptance_fraction (0.38461538461538464->0.9230769230769231 (median 0.6538461538461539))
  alpha_par       = 0.806321 +/- 0.00905763   (best=0.806329)
  alpha_perp      = 1.04367 +/- 0.0147041    (best=1.04398)
  b1              = 1.78974 +/- 0.0105402    (best=1.79138)
  f               = 1.07685 +/- 0.00846358   (best=1.07696)
  sigma8_z        = 0.452498 +/- 0.00612608   (best=0.452052)
  sigma_fog       = 3.29329 +/- 0.012281     (best=3.29068)

rank #0: 2017-10-12 12:02:41,178 rsdfit.emcee_fitter WARNING  EMCEE Iteration     14/2000  : 30 walkers, 6 parameters
      best logp = -103.758 (reached at iter 1, walker 5)
      acceptance_fraction (0.4->0.9333333333333333 (median 0.6))
  alpha_par       = 0.806345 +/- 0.0109878    (best=0.806329)
  alpha_perp      = 1.04413 +/- 0.0170223    (best=1.04398)
  b1              = 1.78975 +/- 0.0136179    (best=1.79138)
  f               = 1.07734 +/- 0.00958708   (best=1.07696)
  sigma8_z        = 0.452498 +/- 0.00674915   (best=0.452052)
  sigma_fog       = 3.29289 +/- 0.0153561    (best=3.29068)

rank #0: 2017-10-12 12:02:45,655 rsdfit.emcee_fitter WARNING  EMCEE Iteration     16/2000  : 30 walkers, 6 parameters
      best logp = -103.758 (reached at iter 1, walker 5)
      acceptance_fraction (0.4117647058823529->0.8235294117647058 (median 0.6176470588235294))
  alpha_par       = 0.806568 +/- 0.0127847    (best=0.806329)
  alpha_perp      = 1.04462 +/- 0.0193795    (best=1.04398)
  b1              = 1.78979 +/- 0.017917     (best=1.79138)
  f               = 1.07688 +/- 0.0123186    (best=1.07696)
  sigma8_z        = 0.452339 +/- 0.00737222   (best=0.452052)
  sigma_fog       = 3.29209 +/- 0.0197189    (best=3.29068)

rank #0: 2017-10-12 12:02:50,127 rsdfit.emcee_fitter WARNING  EMCEE Iteration     18/2000  : 30 walkers, 6 parameters
      best logp = -103.758 (reached at iter 1, walker 5)
      acceptance_fraction (0.42105263157894735->0.8421052631578947 (median 0.5789473684210527))
  alpha_par       = 0.806794 +/- 0.0145257    (best=0.806329)
  alpha_perp      = 1.04715 +/- 0.021304     (best=1.04398)
  b1              = 1.7895 +/- 0.0247734    (best=1.79138)
  f               = 1.0767 +/- 0.0159017    (best=1.07696)
  sigma8_z        = 0.45242 +/- 0.00799074   (best=0.452052)
  sigma_fog       = 3.29118 +/- 0.0282994    (best=3.29068)

rank #0: 2017-10-12 12:02:55,561 rsdfit.emcee_fitter WARNING  EMCEE Iteration     20/2000  : 30 walkers, 6 parameters
      best logp = -103.758 (reached at iter 1, walker 5)
      acceptance_fraction (0.42857142857142855->0.8095238095238095 (median 0.5952380952380952))
  alpha_par       = 0.805564 +/- 0.015969     (best=0.806329)
  alpha_perp      = 1.04867 +/- 0.0225148    (best=1.04398)
  b1              = 1.78814 +/- 0.0332147    (best=1.79138)
  f               = 1.0763 +/- 0.0212742    (best=1.07696)
  sigma8_z        = 0.452588 +/- 0.00986525   (best=0.452052)
  sigma_fog       = 3.29114 +/- 0.0355301    (best=3.29068)

rank #0: 2017-10-12 12:03:01,289 rsdfit.emcee_fitter WARNING  EMCEE Iteration     22/2000  : 30 walkers, 6 parameters
      best logp = -103.758 (reached at iter 1, walker 5)
      acceptance_fraction (0.43478260869565216->0.782608695652174 (median 0.5869565217391304))
  alpha_par       = 0.803949 +/- 0.0167329    (best=0.806329)
  alpha_perp      = 1.04883 +/- 0.024153     (best=1.04398)
  b1              = 1.78845 +/- 0.0425496    (best=1.79138)
  f               = 1.07632 +/- 0.0283048    (best=1.07696)
  sigma8_z        = 0.45249 +/- 0.012614     (best=0.452052)
  sigma_fog       = 3.29083 +/- 0.0401657    (best=3.29068)

rank #0: 2017-10-12 12:03:06,713 rsdfit.emcee_fitter WARNING  EMCEE Iteration     24/2000  : 30 walkers, 6 parameters
      best logp = -103.758 (reached at iter 1, walker 5)
      acceptance_fraction (0.44->0.8 (median 0.5800000000000001))
  alpha_par       = 0.80224 +/- 0.0170821    (best=0.806329)
  alpha_perp      = 1.04883 +/- 0.0255967    (best=1.04398)
  b1              = 1.78881 +/- 0.0539324    (best=1.79138)
  f               = 1.0767 +/- 0.0346231    (best=1.07696)
  sigma8_z        = 0.452339 +/- 0.0158867    (best=0.452052)
  sigma_fog       = 3.29014 +/- 0.0459545    (best=3.29068)

rank #0: 2017-10-12 12:03:11,933 rsdfit.emcee_fitter WARNING  EMCEE Iteration     26/2000  : 30 walkers, 6 parameters
      best logp = -103.758 (reached at iter 1, walker 5)
      acceptance_fraction (0.4444444444444444->0.8148148148148148 (median 0.5925925925925926))
  alpha_par       = 0.801245 +/- 0.0172265    (best=0.806329)
  alpha_perp      = 1.04862 +/- 0.0262341    (best=1.04398)
  b1              = 1.79023 +/- 0.0651751    (best=1.79138)
  f               = 1.07682 +/- 0.0402216    (best=1.07696)
  sigma8_z        = 0.452339 +/- 0.0192971    (best=0.452052)
  sigma_fog       = 3.2889 +/- 0.0509304    (best=3.29068)

rank #0: 2017-10-12 12:03:16,747 rsdfit.emcee_fitter WARNING  EMCEE Iteration     28/2000  : 30 walkers, 6 parameters
      best logp = -103.758 (reached at iter 1, walker 5)
      acceptance_fraction (0.4482758620689655->0.7586206896551724 (median 0.5862068965517241))
  alpha_par       = 0.801121 +/- 0.0172917    (best=0.806329)
  alpha_perp      = 1.04793 +/- 0.0266872    (best=1.04398)
  b1              = 1.7906 +/- 0.0727327    (best=1.79138)
  f               = 1.07784 +/- 0.0446942    (best=1.07696)
  sigma8_z        = 0.452273 +/- 0.0219444    (best=0.452052)
  sigma_fog       = 3.28726 +/- 0.0531683    (best=3.29068)

rank #0: 2017-10-12 12:03:22,100 rsdfit.emcee_fitter WARNING  EMCEE Iteration     30/2000  : 30 walkers, 6 parameters
      best logp = -103.758 (reached at iter 1, walker 5)
      acceptance_fraction (0.41935483870967744->0.7741935483870968 (median 0.564516129032258))
  alpha_par       = 0.800928 +/- 0.0171993    (best=0.806329)
  alpha_perp      = 1.04683 +/- 0.0274224    (best=1.04398)
  b1              = 1.79061 +/- 0.0793691    (best=1.79138)
  f               = 1.08055 +/- 0.0494454    (best=1.07696)
  sigma8_z        = 0.451757 +/- 0.024081     (best=0.452052)
  sigma_fog       = 3.28634 +/- 0.0555361    (best=3.29068)

rank #0: 2017-10-12 12:03:28,126 rsdfit.emcee_fitter WARNING  EMCEE Iteration     32/2000  : 30 walkers, 6 parameters
      best logp = -103.758 (reached at iter 1, walker 5)
      acceptance_fraction (0.42424242424242425->0.7272727272727273 (median 0.5606060606060606))
  alpha_par       = 0.801627 +/- 0.0177044    (best=0.806329)
  alpha_perp      = 1.04647 +/- 0.0279467    (best=1.04398)
  b1              = 1.79198 +/- 0.0862996    (best=1.79138)
  f               = 1.08192 +/- 0.0540759    (best=1.07696)
  sigma8_z        = 0.450515 +/- 0.0260779    (best=0.452052)
  sigma_fog       = 3.28644 +/- 0.0591469    (best=3.29068)

rank #0: 2017-10-12 12:03:33,515 rsdfit.emcee_fitter WARNING  EMCEE Iteration     34/2000  : 30 walkers, 6 parameters
      best logp = -103.758 (reached at iter 1, walker 5)
      acceptance_fraction (0.42857142857142855->0.7428571428571429 (median 0.5714285714285714))
  alpha_par       = 0.802812 +/- 0.0182575    (best=0.806329)
  alpha_perp      = 1.04647 +/- 0.0285989    (best=1.04398)
  b1              = 1.79129 +/- 0.0912021    (best=1.79138)
  f               = 1.08328 +/- 0.0579883    (best=1.07696)
  sigma8_z        = 0.449838 +/- 0.0275321    (best=0.452052)
  sigma_fog       = 3.28745 +/- 0.0637222    (best=3.29068)

rank #0: 2017-10-12 12:03:38,814 rsdfit.emcee_fitter WARNING  EMCEE Iteration     36/2000  : 30 walkers, 6 parameters
      best logp = -103.758 (reached at iter 1, walker 5)
      acceptance_fraction (0.43243243243243246->0.7297297297297297 (median 0.5810810810810811))
  alpha_par       = 0.803983 +/- 0.0186193    (best=0.806329)
  alpha_perp      = 1.04642 +/- 0.0298644    (best=1.04398)
  b1              = 1.79355 +/- 0.0929493    (best=1.79138)
  f               = 1.08325 +/- 0.0605077    (best=1.07696)
  sigma8_z        = 0.449582 +/- 0.0278473    (best=0.452052)
  sigma_fog       = 3.28903 +/- 0.0703581    (best=3.29068)

rank #0: 2017-10-12 12:03:44,099 rsdfit.emcee_fitter WARNING  EMCEE Iteration     38/2000  : 30 walkers, 6 parameters
      best logp = -103.758 (reached at iter 1, walker 5)
      acceptance_fraction (0.4358974358974359->0.7435897435897436 (median 0.5897435897435898))
  alpha_par       = 0.804492 +/- 0.0189116    (best=0.806329)
  alpha_perp      = 1.04559 +/- 0.030717     (best=1.04398)
  b1              = 1.79523 +/- 0.0995539    (best=1.79138)
  f               = 1.08207 +/- 0.0644599    (best=1.07696)
  sigma8_z        = 0.451125 +/- 0.0294017    (best=0.452052)
  sigma_fog       = 3.29197 +/- 0.0772666    (best=3.29068)

rank #0: 2017-10-12 12:03:49,245 rsdfit.emcee_fitter WARNING  EMCEE Iteration     40/2000  : 30 walkers, 6 parameters
      best logp = -103.758 (reached at iter 1, walker 5)
      acceptance_fraction (0.43902439024390244->0.7317073170731707 (median 0.5853658536585366))
  alpha_par       = 0.804621 +/- 0.0187881    (best=0.806329)
  alpha_perp      = 1.04559 +/- 0.0316669    (best=1.04398)
  b1              = 1.79535 +/- 0.107614     (best=1.79138)
  f               = 1.08122 +/- 0.0680219    (best=1.07696)
  sigma8_z        = 0.451991 +/- 0.0316093    (best=0.452052)
  sigma_fog       = 3.29002 +/- 0.0834897    (best=3.29068)

rank #0: 2017-10-12 12:03:54,063 rsdfit.emcee_fitter WARNING  EMCEE Iteration     42/2000  : 30 walkers, 6 parameters
      best logp = -103.758 (reached at iter 1, walker 5)
      acceptance_fraction (0.4186046511627907->0.6976744186046512 (median 0.5697674418604651))
  alpha_par       = 0.804621 +/- 0.0186919    (best=0.806329)
  alpha_perp      = 1.04494 +/- 0.0326257    (best=1.04398)
  b1              = 1.79711 +/- 0.111654     (best=1.79138)
  f               = 1.08102 +/- 0.0695425    (best=1.07696)
  sigma8_z        = 0.452078 +/- 0.0327843    (best=0.452052)
  sigma_fog       = 3.28614 +/- 0.0897115    (best=3.29068)

rank #0: 2017-10-12 12:03:59,164 rsdfit.emcee_fitter WARNING  EMCEE Iteration     44/2000  : 30 walkers, 6 parameters
      best logp = -103.758 (reached at iter 1, walker 5)
      acceptance_fraction (0.4222222222222222->0.6888888888888889 (median 0.5555555555555556))
  alpha_par       = 0.80431 +/- 0.0187932    (best=0.806329)
  alpha_perp      = 1.04299 +/- 0.0328351    (best=1.04398)
  b1              = 1.79805 +/- 0.115675     (best=1.79138)
  f               = 1.0789 +/- 0.0716092    (best=1.07696)
  sigma8_z        = 0.452015 +/- 0.0338786    (best=0.452052)
  sigma_fog       = 3.28525 +/- 0.0923155    (best=3.29068)

rank #0: 2017-10-12 12:04:04,252 rsdfit.emcee_fitter WARNING  EMCEE Iteration     46/2000  : 30 walkers, 6 parameters
      best logp = -103.758 (reached at iter 1, walker 5)
      acceptance_fraction (0.40425531914893614->0.7021276595744681 (median 0.5531914893617021))
  alpha_par       = 0.80431 +/- 0.01882      (best=0.806329)
  alpha_perp      = 1.04223 +/- 0.0331552    (best=1.04398)
  b1              = 1.79762 +/- 0.120619     (best=1.79138)
  f               = 1.07818 +/- 0.0737449    (best=1.07696)
  sigma8_z        = 0.451761 +/- 0.0353742    (best=0.452052)
  sigma_fog       = 3.27814 +/- 0.0941223    (best=3.29068)

rank #0: 2017-10-12 12:04:09,796 rsdfit.emcee_fitter WARNING  EMCEE Iteration     48/2000  : 30 walkers, 6 parameters
      best logp = -103.758 (reached at iter 1, walker 5)
      acceptance_fraction (0.3877551020408163->0.6938775510204082 (median 0.5306122448979592))
  alpha_par       = 0.804678 +/- 0.0183669    (best=0.806329)
  alpha_perp      = 1.04215 +/- 0.03378      (best=1.04398)
  b1              = 1.79752 +/- 0.122443     (best=1.79138)
  f               = 1.07851 +/- 0.0735039    (best=1.07696)
  sigma8_z        = 0.45071 +/- 0.0359552    (best=0.452052)
  sigma_fog       = 3.27789 +/- 0.0974962    (best=3.29068)

rank #0: 2017-10-12 12:04:15,786 rsdfit.emcee_fitter WARNING  EMCEE Iteration     50/2000  : 30 walkers, 6 parameters
      best logp = -103.758 (reached at iter 1, walker 5)
      acceptance_fraction (0.39215686274509803->0.6862745098039216 (median 0.5392156862745099))
  alpha_par       = 0.80613 +/- 0.0184431    (best=0.806329)
  alpha_perp      = 1.04477 +/- 0.0339715    (best=1.04398)
  b1              = 1.79255 +/- 0.123392     (best=1.79138)
  f               = 1.07901 +/- 0.0730897    (best=1.07696)
  sigma8_z        = 0.450544 +/- 0.036303     (best=0.452052)
  sigma_fog       = 3.27886 +/- 0.102853     (best=3.29068)

rank #0: 2017-10-12 12:04:39,386 rsdfit.emcee_fitter WARNING  EMCEE Iteration     60/2000  : 30 walkers, 6 parameters
      best logp = -103.758 (reached at iter 1, walker 5)
      acceptance_fraction (0.3770491803278688->0.6721311475409836 (median 0.5409836065573771))
  alpha_par       = 0.810521 +/- 0.0243403    (best=0.806329)
  alpha_perp      = 1.04963 +/- 0.0385838    (best=1.04398)
  b1              = 1.78088 +/- 0.16376      (best=1.79138)
  f               = 1.08156 +/- 0.0849741    (best=1.07696)
  sigma8_z        = 0.455899 +/- 0.0439487    (best=0.452052)
  sigma_fog       = 3.30052 +/- 0.16497      (best=3.29068)

rank #0: 2017-10-12 12:05:02,711 rsdfit.emcee_fitter WARNING  EMCEE Iteration     70/2000  : 30 walkers, 6 parameters
      best logp = -103.758 (reached at iter 1, walker 5)
      acceptance_fraction (0.3380281690140845->0.6901408450704225 (median 0.5140845070422535))
  alpha_par       = 0.814406 +/- 0.023686     (best=0.806329)
  alpha_perp      = 1.04735 +/- 0.0365784    (best=1.04398)
  b1              = 1.74959 +/- 0.167349     (best=1.79138)
  f               = 1.07953 +/- 0.115671     (best=1.07696)
  sigma8_z        = 0.46207 +/- 0.045716     (best=0.452052)
  sigma_fog       = 3.33555 +/- 0.183146     (best=3.29068)

rank #0: 2017-10-12 12:05:26,297 rsdfit.emcee_fitter WARNING  EMCEE Iteration     80/2000  : 30 walkers, 6 parameters
      best logp = -103.758 (reached at iter 1, walker 5)
      acceptance_fraction (0.32098765432098764->0.6666666666666666 (median 0.5))
  alpha_par       = 0.816016 +/- 0.0331008    (best=0.806329)
  alpha_perp      = 1.05032 +/- 0.0360086    (best=1.04398)
  b1              = 1.74263 +/- 0.161686     (best=1.79138)
  f               = 1.07925 +/- 0.125181     (best=1.07696)
  sigma8_z        = 0.462117 +/- 0.0487081    (best=0.452052)
  sigma_fog       = 3.32383 +/- 0.263781     (best=3.29068)

rank #0: 2017-10-12 12:05:50,205 rsdfit.emcee_fitter WARNING  EMCEE Iteration     90/2000  : 30 walkers, 6 parameters
      best logp = -103.758 (reached at iter 1, walker 5)
      acceptance_fraction (0.34065934065934067->0.6813186813186813 (median 0.510989010989011))
  alpha_par       = 0.816199 +/- 0.0332694    (best=0.806329)
  alpha_perp      = 1.04498 +/- 0.0386363    (best=1.04398)
  b1              = 1.76585 +/- 0.17867      (best=1.79138)
  f               = 1.06973 +/- 0.131222     (best=1.07696)
  sigma8_z        = 0.454082 +/- 0.0520269    (best=0.452052)
  sigma_fog       = 3.27779 +/- 0.261675     (best=3.29068)

rank #0: 2017-10-12 12:06:20,431 rsdfit.emcee_fitter WARNING  EMCEE Iteration    100/2000  : 30 walkers, 6 parameters
      best logp = -103.758 (reached at iter 1, walker 5)
      acceptance_fraction (0.37623762376237624->0.6633663366336634 (median 0.504950495049505))
  alpha_par       = 0.81896 +/- 0.0385263    (best=0.806329)
  alpha_perp      = 1.04144 +/- 0.041419     (best=1.04398)
  b1              = 1.7689 +/- 0.187136     (best=1.79138)
  f               = 1.0532 +/- 0.155322     (best=1.07696)
  sigma8_z        = 0.4579 +/- 0.0527829    (best=0.452052)
  sigma_fog       = 3.31178 +/- 0.269163     (best=3.29068)

rank #0: 2017-10-12 12:06:51,633 rsdfit.emcee_fitter WARNING  EMCEE Iteration    110/2000  : 30 walkers, 6 parameters
      best logp = -103.758 (reached at iter 1, walker 5)
      acceptance_fraction (0.3783783783783784->0.6486486486486487 (median 0.4954954954954955))
  alpha_par       = 0.81896 +/- 0.0447044    (best=0.806329)
  alpha_perp      = 1.0437 +/- 0.0410933    (best=1.04398)
  b1              = 1.77729 +/- 0.193008     (best=1.79138)
  f               = 1.04186 +/- 0.151723     (best=1.07696)
  sigma8_z        = 0.460991 +/- 0.0537676    (best=0.452052)
  sigma_fog       = 3.33214 +/- 0.281472     (best=3.29068)

rank #0: 2017-10-12 12:07:14,986 rsdfit.emcee_fitter WARNING  EMCEE Iteration    120/2000  : 30 walkers, 6 parameters
      best logp = -103.758 (reached at iter 1, walker 5)
      acceptance_fraction (0.371900826446281->0.6363636363636364 (median 0.49586776859504134))
  alpha_par       = 0.826945 +/- 0.0604616    (best=0.806329)
  alpha_perp      = 1.04273 +/- 0.0380583    (best=1.04398)
  b1              = 1.77749 +/- 0.206855     (best=1.79138)
  f               = 1.02136 +/- 0.161351     (best=1.07696)
  sigma8_z        = 0.457839 +/- 0.058235     (best=0.452052)
  sigma_fog       = 3.38036 +/- 0.403333     (best=3.29068)

rank #0: 2017-10-12 12:07:38,443 rsdfit.emcee_fitter WARNING  EMCEE Iteration    130/2000  : 30 walkers, 6 parameters
      best logp = -103.758 (reached at iter 1, walker 5)
      acceptance_fraction (0.37404580152671757->0.6259541984732825 (median 0.5))
  alpha_par       = 0.83229 +/- 0.0702349    (best=0.806329)
  alpha_perp      = 1.04575 +/- 0.042473     (best=1.04398)
  b1              = 1.73859 +/- 0.23814      (best=1.79138)
  f               = 1.00842 +/- 0.174981     (best=1.07696)
  sigma8_z        = 0.478488 +/- 0.0626624    (best=0.452052)
  sigma_fog       = 3.465 +/- 0.486156     (best=3.29068)

rank #0: 2017-10-12 12:08:01,684 rsdfit.emcee_fitter WARNING  EMCEE Iteration    140/2000  : 30 walkers, 6 parameters
      best logp = -103.758 (reached at iter 1, walker 5)
      acceptance_fraction (0.36879432624113473->0.6028368794326241 (median 0.4929078014184397))
  alpha_par       = 0.838494 +/- 0.0867615    (best=0.806329)
  alpha_perp      = 1.04642 +/- 0.0458434    (best=1.04398)
  b1              = 1.73522 +/- 0.252197     (best=1.79138)
  f               = 1.01874 +/- 0.183298     (best=1.07696)
  sigma8_z        = 0.47589 +/- 0.0613495    (best=0.452052)
  sigma_fog       = 3.45029 +/- 0.55155      (best=3.29068)

rank #0: 2017-10-12 12:08:24,420 rsdfit.emcee_fitter WARNING  EMCEE Iteration    150/2000  : 30 walkers, 6 parameters
      best logp = -103.758 (reached at iter 1, walker 5)
      acceptance_fraction (0.3576158940397351->0.5960264900662252 (median 0.48013245033112584))
  alpha_par       = 0.827475 +/- 0.0960926    (best=0.806329)
  alpha_perp      = 1.04674 +/- 0.0524362    (best=1.04398)
  b1              = 1.7581 +/- 0.245204     (best=1.79138)
  f               = 1.03739 +/- 0.202087     (best=1.07696)
  sigma8_z        = 0.486616 +/- 0.0598077    (best=0.452052)
  sigma_fog       = 3.39117 +/- 0.584453     (best=3.29068)

rank #0: 2017-10-12 12:08:46,082 rsdfit.emcee_fitter WARNING  EMCEE Iteration    160/2000  : 30 walkers, 6 parameters
      best logp = -103.758 (reached at iter 1, walker 5)
      acceptance_fraction (0.3416149068322981->0.5900621118012422 (median 0.4782608695652174))
  alpha_par       = 0.830551 +/- 0.0831259    (best=0.806329)
  alpha_perp      = 1.05011 +/- 0.0572229    (best=1.04398)
  b1              = 1.77406 +/- 0.253796     (best=1.79138)
  f               = 1.04509 +/- 0.220849     (best=1.07696)
  sigma8_z        = 0.471826 +/- 0.0646243    (best=0.452052)
  sigma_fog       = 3.41868 +/- 0.494222     (best=3.29068)

rank #0: 2017-10-12 12:09:08,617 rsdfit.emcee_fitter WARNING  EMCEE Iteration    170/2000  : 30 walkers, 6 parameters
      best logp = -103.758 (reached at iter 1, walker 5)
      acceptance_fraction (0.32748538011695905->0.5847953216374269 (median 0.47368421052631576))
  alpha_par       = 0.811732 +/- 0.0758161    (best=0.806329)
  alpha_perp      = 1.05574 +/- 0.0487698    (best=1.04398)
  b1              = 1.81849 +/- 0.259162     (best=1.79138)
  f               = 1.05851 +/- 0.219674     (best=1.07696)
  sigma8_z        = 0.456993 +/- 0.0657852    (best=0.452052)
  sigma_fog       = 3.33841 +/- 0.460441     (best=3.29068)

rank #0: 2017-10-12 12:09:30,690 rsdfit.emcee_fitter WARNING  EMCEE Iteration    180/2000  : 30 walkers, 6 parameters
      best logp = -103.758 (reached at iter 1, walker 5)
      acceptance_fraction (0.3259668508287293->0.580110497237569 (median 0.46685082872928174))
  alpha_par       = 0.81067 +/- 0.0844203    (best=0.806329)
  alpha_perp      = 1.05979 +/- 0.0400068    (best=1.04398)
  b1              = 1.79898 +/- 0.272008     (best=1.79138)
  f               = 1.05112 +/- 0.223098     (best=1.07696)
  sigma8_z        = 0.453964 +/- 0.0661073    (best=0.452052)
  sigma_fog       = 3.35564 +/- 0.512375     (best=3.29068)

rank #0: 2017-10-12 12:09:52,333 rsdfit.emcee_fitter WARNING  EMCEE Iteration    190/2000  : 30 walkers, 6 parameters
      best logp = -103.758 (reached at iter 1, walker 5)
      acceptance_fraction (0.31413612565445026->0.5654450261780105 (median 0.46335078534031415))
  alpha_par       = 0.810399 +/- 0.0904168    (best=0.806329)
  alpha_perp      = 1.05644 +/- 0.0413408    (best=1.04398)
  b1              = 1.78172 +/- 0.289098     (best=1.79138)
  f               = 1.11637 +/- 0.223701     (best=1.07696)
  sigma8_z        = 0.451381 +/- 0.0675919    (best=0.452052)
  sigma_fog       = 3.34579 +/- 0.533223     (best=3.29068)

rank #0: 2017-10-12 12:10:14,518 rsdfit.emcee_fitter WARNING  EMCEE Iteration    200/2000  : 30 walkers, 6 parameters
      best logp = -103.758 (reached at iter 1, walker 5)
      acceptance_fraction (0.31343283582089554->0.5572139303482587 (median 0.4626865671641791))
  alpha_par       = 0.819651 +/- 0.0814536    (best=0.806329)
  alpha_perp      = 1.04358 +/- 0.0435292    (best=1.04398)
  b1              = 1.72748 +/- 0.286886     (best=1.79138)
  f               = 1.04201 +/- 0.205929     (best=1.07696)
  sigma8_z        = 0.474957 +/- 0.065332     (best=0.452052)
  sigma_fog       = 3.35406 +/- 0.494856     (best=3.29068)

rank #0: 2017-10-12 12:10:36,851 rsdfit.emcee_fitter WARNING  EMCEE Iteration    210/2000  : 30 walkers, 6 parameters
      best logp = -103.758 (reached at iter 1, walker 5)
      acceptance_fraction (0.3033175355450237->0.5545023696682464 (median 0.4549763033175355))
  alpha_par       = 0.817806 +/- 0.09392      (best=0.806329)
  alpha_perp      = 1.03839 +/- 0.0423435    (best=1.04398)
  b1              = 1.76809 +/- 0.286988     (best=1.79138)
  f               = 1.03246 +/- 0.205317     (best=1.07696)
  sigma8_z        = 0.459234 +/- 0.0667865    (best=0.452052)
  sigma_fog       = 3.31754 +/- 0.557934     (best=3.29068)

rank #0: 2017-10-12 12:10:58,687 rsdfit.emcee_fitter WARNING  EMCEE Iteration    220/2000  : 30 walkers, 6 parameters
      best logp = -103.758 (reached at iter 1, walker 5)
      acceptance_fraction (0.2986425339366516->0.5520361990950227 (median 0.4502262443438914))
  alpha_par       = 0.814289 +/- 0.0692909    (best=0.806329)
  alpha_perp      = 1.04626 +/- 0.0375799    (best=1.04398)
  b1              = 1.79035 +/- 0.307674     (best=1.79138)
  f               = 1.01099 +/- 0.188244     (best=1.07696)
  sigma8_z        = 0.450068 +/- 0.0695637    (best=0.452052)
  sigma_fog       = 3.36174 +/- 0.432119     (best=3.29068)

rank #0: 2017-10-12 12:11:20,260 rsdfit.emcee_fitter WARNING  EMCEE Iteration    230/2000  : 30 walkers, 6 parameters
      best logp = -103.758 (reached at iter 1, walker 5)
      acceptance_fraction (0.2943722943722944->0.5411255411255411 (median 0.4393939393939394))
  alpha_par       = 0.827636 +/- 0.0710426    (best=0.806329)
  alpha_perp      = 1.04337 +/- 0.0478194    (best=1.04398)
  b1              = 1.81235 +/- 0.32036      (best=1.79138)
  f               = 1.01119 +/- 0.2032       (best=1.07696)
  sigma8_z        = 0.452955 +/- 0.0714012    (best=0.452052)
  sigma_fog       = 3.3985 +/- 0.45162      (best=3.29068)

rank #0: 2017-10-12 12:11:42,419 rsdfit.emcee_fitter WARNING  EMCEE Iteration    240/2000  : 30 walkers, 6 parameters
      best logp = -103.758 (reached at iter 1, walker 5)
      acceptance_fraction (0.2987551867219917->0.5269709543568465 (median 0.44190871369294604))
  alpha_par       = 0.824669 +/- 0.0797203    (best=0.806329)
  alpha_perp      = 1.04333 +/- 0.0392331    (best=1.04398)
  b1              = 1.8744 +/- 0.35515      (best=1.79138)
  f               = 1.00962 +/- 0.194737     (best=1.07696)
  sigma8_z        = 0.441129 +/- 0.0737122    (best=0.452052)
  sigma_fog       = 3.40852 +/- 0.49766      (best=3.29068)

rank #0: 2017-10-12 12:12:03,661 rsdfit.emcee_fitter WARNING  EMCEE Iteration    250/2000  : 30 walkers, 6 parameters
      best logp = -103.758 (reached at iter 1, walker 5)
      acceptance_fraction (0.30278884462151395->0.5219123505976095 (median 0.4302788844621514))
  alpha_par       = 0.812924 +/- 0.0812484    (best=0.806329)
  alpha_perp      = 1.04226 +/- 0.0454815    (best=1.04398)
  b1              = 1.83098 +/- 0.349401     (best=1.79138)
  f               = 1.05766 +/- 0.221387     (best=1.07696)
  sigma8_z        = 0.432514 +/- 0.0728318    (best=0.452052)
  sigma_fog       = 3.35517 +/- 0.514789     (best=3.29068)

rank #0: 2017-10-12 12:12:25,235 rsdfit.emcee_fitter WARNING  EMCEE Iteration    260/2000  : 30 walkers, 6 parameters
      best logp = -103.758 (reached at iter 1, walker 5)
      acceptance_fraction (0.2988505747126437->0.5095785440613027 (median 0.4272030651340996))
  alpha_par       = 0.829497 +/- 0.0828332    (best=0.806329)
  alpha_perp      = 1.03937 +/- 0.0522635    (best=1.04398)
  b1              = 1.88914 +/- 0.345803     (best=1.79138)
  f               = 1.082 +/- 0.2502       (best=1.07696)
  sigma8_z        = 0.433804 +/- 0.076419     (best=0.452052)
  sigma_fog       = 3.35254 +/- 0.488831     (best=3.29068)

rank #0: 2017-10-12 12:12:46,698 rsdfit.emcee_fitter WARNING  EMCEE Iteration    270/2000  : 30 walkers, 6 parameters
      best logp = -103.758 (reached at iter 1, walker 5)
      acceptance_fraction (0.2878228782287823->0.5018450184501845 (median 0.4280442804428044))
  alpha_par       = 0.815971 +/- 0.0710295    (best=0.806329)
  alpha_perp      = 1.04791 +/- 0.0463253    (best=1.04398)
  b1              = 1.90698 +/- 0.333578     (best=1.79138)
  f               = 1.04238 +/- 0.215357     (best=1.07696)
  sigma8_z        = 0.436842 +/- 0.0737192    (best=0.452052)
  sigma_fog       = 3.34192 +/- 0.41724      (best=3.29068)

rank #0: 2017-10-12 12:13:08,471 rsdfit.emcee_fitter WARNING  EMCEE Iteration    280/2000  : 30 walkers, 6 parameters
      best logp = -103.758 (reached at iter 1, walker 5)
      acceptance_fraction (0.2846975088967972->0.498220640569395 (median 0.4199288256227758))
  alpha_par       = 0.820496 +/- 0.0823676    (best=0.806329)
  alpha_perp      = 1.03441 +/- 0.0508185    (best=1.04398)
  b1              = 1.92413 +/- 0.344603     (best=1.79138)
  f               = 0.993874 +/- 0.219427     (best=1.07696)
  sigma8_z        = 0.44702 +/- 0.071939     (best=0.452052)
  sigma_fog       = 3.38055 +/- 0.459745     (best=3.29068)

rank #0: 2017-10-12 12:13:30,786 rsdfit.emcee_fitter WARNING  EMCEE Iteration    290/2000  : 30 walkers, 6 parameters
      best logp = -103.758 (reached at iter 1, walker 5)
      acceptance_fraction (0.28865979381443296->0.5085910652920962 (median 0.42439862542955326))
  alpha_par       = 0.820496 +/- 0.0881894    (best=0.806329)
  alpha_perp      = 1.02734 +/- 0.0538408    (best=1.04398)
  b1              = 1.89055 +/- 0.362865     (best=1.79138)
  f               = 0.992101 +/- 0.245411     (best=1.07696)
  sigma8_z        = 0.455403 +/- 0.0750962    (best=0.452052)
  sigma_fog       = 3.42491 +/- 0.526115     (best=3.29068)

rank #0: 2017-10-12 12:13:52,352 rsdfit.emcee_fitter WARNING  EMCEE Iteration    300/2000  : 30 walkers, 6 parameters
      best logp = -103.758 (reached at iter 1, walker 5)
      acceptance_fraction (0.2857142857142857->0.4983388704318937 (median 0.42524916943521596))
  alpha_par       = 0.812172 +/- 0.0890824    (best=0.806329)
  alpha_perp      = 1.03673 +/- 0.049804     (best=1.04398)
  b1              = 1.86777 +/- 0.377632     (best=1.79138)
  f               = 0.99623 +/- 0.241915     (best=1.07696)
  sigma8_z        = 0.45077 +/- 0.0786034    (best=0.452052)
  sigma_fog       = 3.34615 +/- 0.513545     (best=3.29068)

rank #0: 2017-10-12 12:14:13,796 rsdfit.emcee_fitter WARNING  EMCEE Iteration    310/2000  : 30 walkers, 6 parameters
      best logp = -103.758 (reached at iter 1, walker 5)
      acceptance_fraction (0.2797427652733119->0.4919614147909968 (median 0.4228295819935691))
  alpha_par       = 0.821074 +/- 0.0885017    (best=0.806329)
  alpha_perp      = 1.03848 +/- 0.046913     (best=1.04398)
  b1              = 1.84426 +/- 0.364975     (best=1.79138)
  f               = 1.00019 +/- 0.228705     (best=1.07696)
  sigma8_z        = 0.456097 +/- 0.0783061    (best=0.452052)
  sigma_fog       = 3.3601 +/- 0.519908     (best=3.29068)

rank #0: 2017-10-12 12:14:35,911 rsdfit.emcee_fitter WARNING  EMCEE Iteration    320/2000  : 30 walkers, 6 parameters
      best logp = -103.758 (reached at iter 1, walker 5)
      acceptance_fraction (0.2772585669781931->0.48598130841121495 (median 0.4158878504672897))
  alpha_par       = 0.822298 +/- 0.0904835    (best=0.806329)
  alpha_perp      = 1.03878 +/- 0.0454203    (best=1.04398)
  b1              = 1.81641 +/- 0.353069     (best=1.79138)
  f               = 1.00377 +/- 0.236912     (best=1.07696)
  sigma8_z        = 0.453704 +/- 0.0764699    (best=0.452052)
  sigma_fog       = 3.36665 +/- 0.542097     (best=3.29068)

rank #0: 2017-10-12 12:14:57,678 rsdfit.emcee_fitter WARNING  EMCEE Iteration    330/2000  : 30 walkers, 6 parameters
      best logp = -103.758 (reached at iter 1, walker 5)
      acceptance_fraction (0.27794561933534745->0.48338368580060426 (median 0.4123867069486405))
  alpha_par       = 0.832141 +/- 0.090262     (best=0.806329)
  alpha_perp      = 1.03879 +/- 0.0491673    (best=1.04398)
  b1              = 1.7753 +/- 0.34449      (best=1.79138)
  f               = 0.992101 +/- 0.250121     (best=1.07696)
  sigma8_z        = 0.461559 +/- 0.073865     (best=0.452052)
  sigma_fog       = 3.39531 +/- 0.525791     (best=3.29068)

rank #0: 2017-10-12 12:15:19,471 rsdfit.emcee_fitter WARNING  EMCEE Iteration    340/2000  : 30 walkers, 6 parameters
      best logp = -103.758 (reached at iter 1, walker 5)
      acceptance_fraction (0.2756598240469208->0.47214076246334313 (median 0.40909090909090906))
  alpha_par       = 0.833772 +/- 0.0946227    (best=0.806329)
  alpha_perp      = 1.03506 +/- 0.056603     (best=1.04398)
  b1              = 1.80935 +/- 0.35232      (best=1.79138)
  f               = 0.992469 +/- 0.269329     (best=1.07696)
  sigma8_z        = 0.468971 +/- 0.0758451    (best=0.452052)
  sigma_fog       = 3.38805 +/- 0.54745      (best=3.29068)

rank #0: 2017-10-12 12:15:40,484 rsdfit.emcee_fitter WARNING  EMCEE Iteration    350/2000  : 30 walkers, 6 parameters
      best logp = -103.758 (reached at iter 1, walker 5)
      acceptance_fraction (0.2678062678062678->0.4700854700854701 (median 0.40740740740740744))
  alpha_par       = 0.830897 +/- 0.0897157    (best=0.806329)
  alpha_perp      = 1.03546 +/- 0.0509331    (best=1.04398)
  b1              = 1.78443 +/- 0.362145     (best=1.79138)
  f               = 1.00153 +/- 0.236946     (best=1.07696)
  sigma8_z        = 0.471375 +/- 0.0746072    (best=0.452052)
  sigma_fog       = 3.40272 +/- 0.530759     (best=3.29068)

rank #0: 2017-10-12 12:16:02,655 rsdfit.emcee_fitter WARNING  EMCEE Iteration    360/2000  : 30 walkers, 6 parameters
      best logp = -103.758 (reached at iter 1, walker 5)
      acceptance_fraction (0.2770083102493075->0.4792243767313019 (median 0.4030470914127424))
  alpha_par       = 0.828131 +/- 0.0936384    (best=0.806329)
  alpha_perp      = 1.04377 +/- 0.0444072    (best=1.04398)
  b1              = 1.74477 +/- 0.368281     (best=1.79138)
  f               = 1.06089 +/- 0.225073     (best=1.07696)
  sigma8_z        = 0.48172 +/- 0.0784063    (best=0.452052)
  sigma_fog       = 3.3606 +/- 0.578915     (best=3.29068)

rank #0: 2017-10-12 12:16:24,702 rsdfit.emcee_fitter WARNING  EMCEE Iteration    370/2000  : 30 walkers, 6 parameters
      best logp = -103.758 (reached at iter 1, walker 5)
      acceptance_fraction (0.2776280323450135->0.4743935309973046 (median 0.39892183288409705))
  alpha_par       = 0.815484 +/- 0.111372     (best=0.806329)
  alpha_perp      = 1.04182 +/- 0.0417267    (best=1.04398)
  b1              = 1.70662 +/- 0.3789       (best=1.79138)
  f               = 1.01753 +/- 0.230917     (best=1.07696)
  sigma8_z        = 0.475702 +/- 0.0807104    (best=0.452052)
  sigma_fog       = 3.35782 +/- 0.690764     (best=3.29068)

rank #0: 2017-10-12 12:16:44,952 rsdfit.emcee_fitter WARNING  EMCEE Iteration    380/2000  : 30 walkers, 6 parameters
      best logp = -103.758 (reached at iter 1, walker 5)
      acceptance_fraction (0.27296587926509186->0.48031496062992124 (median 0.4002624671916011))
  alpha_par       = 0.818898 +/- 0.11681      (best=0.806329)
  alpha_perp      = 1.05065 +/- 0.0450937    (best=1.04398)
  b1              = 1.73124 +/- 0.37862      (best=1.79138)
  f               = 1.06745 +/- 0.248223     (best=1.07696)
  sigma8_z        = 0.461804 +/- 0.0837964    (best=0.452052)
  sigma_fog       = 3.32231 +/- 0.700392     (best=3.29068)

rank #0: 2017-10-12 12:17:05,995 rsdfit.emcee_fitter WARNING  EMCEE Iteration    390/2000  : 30 walkers, 6 parameters
      best logp = -103.758 (reached at iter 1, walker 5)
      acceptance_fraction (0.26854219948849106->0.4833759590792839 (median 0.39641943734015345))
  alpha_par       = 0.820912 +/- 0.108984     (best=0.806329)
  alpha_perp      = 1.06442 +/- 0.0541078    (best=1.04398)
  b1              = 1.69771 +/- 0.376962     (best=1.79138)
  f               = 1.05641 +/- 0.24754      (best=1.07696)
  sigma8_z        = 0.467838 +/- 0.0774948    (best=0.452052)
  sigma_fog       = 3.29334 +/- 0.662842     (best=3.29068)

rank #0: 2017-10-12 12:17:26,256 rsdfit.emcee_fitter WARNING  EMCEE Iteration    400/2000  : 30 walkers, 6 parameters
      best logp = -103.758 (reached at iter 1, walker 5)
      acceptance_fraction (0.26433915211970077->0.486284289276808 (median 0.39276807980049877))
  alpha_par       = 0.821367 +/- 0.114242     (best=0.806329)
  alpha_perp      = 1.05029 +/- 0.0631782    (best=1.04398)
  b1              = 1.70092 +/- 0.395149     (best=1.79138)
  f               = 0.994656 +/- 0.272598     (best=1.07696)
  sigma8_z        = 0.4757 +/- 0.0786546    (best=0.452052)
  sigma_fog       = 3.29307 +/- 0.685284     (best=3.29068)

rank #0: 2017-10-12 12:17:46,917 rsdfit.emcee_fitter WARNING  EMCEE Iteration    410/2000  : 30 walkers, 6 parameters
      best logp = -103.758 (reached at iter 1, walker 5)
      acceptance_fraction (0.25790754257907544->0.48175182481751827 (median 0.3844282238442822))
  alpha_par       = 0.820117 +/- 0.116447     (best=0.806329)
  alpha_perp      = 1.0598 +/- 0.057017     (best=1.04398)
  b1              = 1.65263 +/- 0.405798     (best=1.79138)
  f               = 0.988168 +/- 0.255023     (best=1.07696)
  sigma8_z        = 0.491157 +/- 0.0815712    (best=0.452052)
  sigma_fog       = 3.30576 +/- 0.708099     (best=3.29068)

rank #0: 2017-10-12 12:18:07,248 rsdfit.emcee_fitter WARNING  EMCEE Iteration    420/2000  : 30 walkers, 6 parameters
      best logp = -103.758 (reached at iter 1, walker 5)
      acceptance_fraction (0.2589073634204275->0.47743467933491684 (median 0.38717339667458434))
  alpha_par       = 0.820897 +/- 0.0962617    (best=0.806329)
  alpha_perp      = 1.05241 +/- 0.0535514    (best=1.04398)
  b1              = 1.69142 +/- 0.388076     (best=1.79138)
  f               = 1.00187 +/- 0.235405     (best=1.07696)
  sigma8_z        = 0.484485 +/- 0.0827744    (best=0.452052)
  sigma_fog       = 3.37352 +/- 0.566791     (best=3.29068)

rank #0: 2017-10-12 12:18:28,903 rsdfit.emcee_fitter WARNING  EMCEE Iteration    430/2000  : 30 walkers, 6 parameters
      best logp = -103.758 (reached at iter 1, walker 5)
      acceptance_fraction (0.26218097447795824->0.4756380510440835 (median 0.3851508120649652))
  alpha_par       = 0.828232 +/- 0.0959173    (best=0.806329)
  alpha_perp      = 1.04809 +/- 0.0472128    (best=1.04398)
  b1              = 1.732 +/- 0.364218     (best=1.79138)
  f               = 1.04757 +/- 0.223913     (best=1.07696)
  sigma8_z        = 0.486609 +/- 0.0794748    (best=0.452052)
  sigma_fog       = 3.40772 +/- 0.585644     (best=3.29068)

rank #0: 2017-10-12 12:18:50,290 rsdfit.emcee_fitter WARNING  EMCEE Iteration    440/2000  : 30 walkers, 6 parameters
      best logp = -103.758 (reached at iter 1, walker 5)
      acceptance_fraction (0.26303854875283444->0.47392290249433106 (median 0.3820861678004535))
  alpha_par       = 0.828828 +/- 0.107167     (best=0.806329)
  alpha_perp      = 1.04865 +/- 0.058277     (best=1.04398)
  b1              = 1.71078 +/- 0.381703     (best=1.79138)
  f               = 1.06776 +/- 0.259429     (best=1.07696)
  sigma8_z        = 0.481203 +/- 0.0775029    (best=0.452052)
  sigma_fog       = 3.39968 +/- 0.638922     (best=3.29068)

rank #0: 2017-10-12 12:19:11,866 rsdfit.emcee_fitter WARNING  EMCEE Iteration    450/2000  : 30 walkers, 6 parameters
      best logp = -103.758 (reached at iter 1, walker 5)
      acceptance_fraction (0.25942350332594233->0.4722838137472284 (median 0.3835920177383592))
  alpha_par       = 0.857442 +/- 0.0952171    (best=0.806329)
  alpha_perp      = 1.05183 +/- 0.0430222    (best=1.04398)
  b1              = 1.71236 +/- 0.358603     (best=1.79138)
  f               = 1.0473 +/- 0.229032     (best=1.07696)
  sigma8_z        = 0.488647 +/- 0.0753638    (best=0.452052)
  sigma_fog       = 3.53539 +/- 0.546975     (best=3.29068)

rank #0: 2017-10-12 12:19:34,079 rsdfit.emcee_fitter WARNING  EMCEE Iteration    460/2000  : 30 walkers, 6 parameters
      best logp = -103.758 (reached at iter 1, walker 5)
      acceptance_fraction (0.25379609544468545->0.47288503253796094 (median 0.38177874186550975))
  alpha_par       = 0.835545 +/- 0.109316     (best=0.806329)
  alpha_perp      = 1.05476 +/- 0.0507699    (best=1.04398)
  b1              = 1.76897 +/- 0.36848      (best=1.79138)
  f               = 1.04232 +/- 0.255557     (best=1.07696)
  sigma8_z        = 0.484504 +/- 0.0777387    (best=0.452052)
  sigma_fog       = 3.50219 +/- 0.619521     (best=3.29068)

rank #0: 2017-10-12 12:19:57,315 rsdfit.emcee_fitter WARNING  EMCEE Iteration    470/2000  : 30 walkers, 6 parameters
      best logp = -103.758 (reached at iter 1, walker 5)
      acceptance_fraction (0.2526539278131635->0.47558386411889597 (median 0.3853503184713376))
  alpha_par       = 0.851405 +/- 0.0932927    (best=0.806329)
  alpha_perp      = 1.05117 +/- 0.0364061    (best=1.04398)
  b1              = 1.87107 +/- 0.35466      (best=1.79138)
  f               = 1.03315 +/- 0.235172     (best=1.07696)
  sigma8_z        = 0.465152 +/- 0.0772987    (best=0.452052)
  sigma_fog       = 3.60992 +/- 0.534745     (best=3.29068)

rank #0: 2017-10-12 12:20:20,108 rsdfit.emcee_fitter WARNING  EMCEE Iteration    480/2000  : 30 walkers, 6 parameters
      best logp = -103.758 (reached at iter 1, walker 5)
      acceptance_fraction (0.2494802494802495->0.4781704781704782 (median 0.38461538461538464))
  alpha_par       = 0.843596 +/- 0.0859195    (best=0.806329)
  alpha_perp      = 1.0478 +/- 0.0384797    (best=1.04398)
  b1              = 1.86046 +/- 0.364064     (best=1.79138)
  f               = 1.06568 +/- 0.23588      (best=1.07696)
  sigma8_z        = 0.453753 +/- 0.0808838    (best=0.452052)
  sigma_fog       = 3.59315 +/- 0.491915     (best=3.29068)

rank #0: 2017-10-12 12:20:42,642 rsdfit.emcee_fitter WARNING  EMCEE Iteration    490/2000  : 30 walkers, 6 parameters
      best logp = -103.758 (reached at iter 1, walker 5)
      acceptance_fraction (0.24439918533604887->0.4786150712830957 (median 0.384928716904277))
  alpha_par       = 0.845724 +/- 0.0948302    (best=0.806329)
  alpha_perp      = 1.0479 +/- 0.04128      (best=1.04398)
  b1              = 1.94607 +/- 0.372122     (best=1.79138)
  f               = 1.07549 +/- 0.257627     (best=1.07696)
  sigma8_z        = 0.434209 +/- 0.0838853    (best=0.452052)
  sigma_fog       = 3.57334 +/- 0.531192     (best=3.29068)

rank #0: 2017-10-12 12:21:05,147 rsdfit.emcee_fitter WARNING  EMCEE Iteration    500/2000  : 30 walkers, 6 parameters
      best logp = -103.758 (reached at iter 1, walker 5)
      acceptance_fraction (0.24151696606786427->0.4750499001996008 (median 0.38123752495009977))
  alpha_par       = 0.842481 +/- 0.0866808    (best=0.806329)
  alpha_perp      = 1.0479 +/- 0.0458121    (best=1.04398)
  b1              = 1.85716 +/- 0.376526     (best=1.79138)
  f               = 1.07595 +/- 0.235576     (best=1.07696)
  sigma8_z        = 0.433519 +/- 0.0823712    (best=0.452052)
  sigma_fog       = 3.5775 +/- 0.503395     (best=3.29068)

rank #0: 2017-10-12 12:24:49,485 rsdfit.emcee_fitter WARNING  EMCEE Iteration    600/2000  : 30 walkers, 6 parameters
      best logp = -103.758 (reached at iter 1, walker 5)
      acceptance_fraction (0.24459234608985025->0.47920133111480867 (median 0.37104825291181365))
  alpha_par       = 0.828253 +/- 0.0845229    (best=0.806329)
  alpha_perp      = 1.03852 +/- 0.0296329    (best=1.04398)
  b1              = 1.84215 +/- 0.320095     (best=1.79138)
  f               = 1.02141 +/- 0.241861     (best=1.07696)
  sigma8_z        = 0.462868 +/- 0.0860724    (best=0.452052)
  sigma_fog       = 3.37439 +/- 0.551154     (best=3.29068)

rank #0: 2017-10-12 12:28:20,152 rsdfit.emcee_fitter WARNING  EMCEE Iteration    700/2000  : 30 walkers, 6 parameters
      best logp = -103.758 (reached at iter 1, walker 5)
      acceptance_fraction (0.24251069900142652->0.46504992867332384 (median 0.3594864479315264))
  alpha_par       = 0.837229 +/- 0.112576     (best=0.806329)
  alpha_perp      = 1.03479 +/- 0.0370907    (best=1.04398)
  b1              = 1.83898 +/- 0.404074     (best=1.79138)
  f               = 0.91908 +/- 0.298619     (best=1.07696)
  sigma8_z        = 0.477896 +/- 0.101844     (best=0.452052)
  sigma_fog       = 3.42464 +/- 0.712236     (best=3.29068)

rank #0: 2017-10-12 12:32:08,931 rsdfit.emcee_fitter WARNING  EMCEE Iteration    800/2000  : 30 walkers, 6 parameters
      best logp = -103.758 (reached at iter 1, walker 5)
      acceptance_fraction (0.2272159800249688->0.44569288389513106 (median 0.350187265917603))
  alpha_par       = 0.844392 +/- 0.0985448    (best=0.806329)
  alpha_perp      = 1.02864 +/- 0.0370163    (best=1.04398)
  b1              = 1.795 +/- 0.458061     (best=1.79138)
  f               = 0.926213 +/- 0.284942     (best=1.07696)
  sigma8_z        = 0.469503 +/- 0.104104     (best=0.452052)
  sigma_fog       = 3.51015 +/- 0.580392     (best=3.29068)

rank #0: 2017-10-12 12:36:26,324 rsdfit.emcee_fitter WARNING  EMCEE Iteration    900/2000  : 30 walkers, 6 parameters
      best logp = -103.758 (reached at iter 1, walker 5)
      acceptance_fraction (0.22086570477247502->0.4339622641509434 (median 0.3496115427302997))
  alpha_par       = 0.854531 +/- 0.0999444    (best=0.806329)
  alpha_perp      = 1.04535 +/- 0.0418385    (best=1.04398)
  b1              = 1.64904 +/- 0.451105     (best=1.79138)
  f               = 0.892684 +/- 0.281421     (best=1.07696)
  sigma8_z        = 0.520726 +/- 0.104059     (best=0.452052)
  sigma_fog       = 3.6619 +/- 0.562491     (best=3.29068)

rank #0: 2017-10-12 12:40:01,089 rsdfit.emcee_fitter WARNING  EMCEE Iteration   1000/2000  : 30 walkers, 6 parameters
      best logp = -103.758 (reached at iter 1, walker 5)
      acceptance_fraction (0.21978021978021978->0.4205794205794206 (median 0.3436563436563437))
  alpha_par       = 0.845878 +/- 0.070867     (best=0.806329)
  alpha_perp      = 1.03774 +/- 0.0311649    (best=1.04398)
  b1              = 1.76944 +/- 0.421206     (best=1.79138)
  f               = 1.0093 +/- 0.241195     (best=1.07696)
  sigma8_z        = 0.461457 +/- 0.0998136    (best=0.452052)
  sigma_fog       = 3.47144 +/- 0.415856     (best=3.29068)

rank #0: 2017-10-12 12:43:28,047 rsdfit.emcee_fitter WARNING  EMCEE Iteration   1100/2000  : 30 walkers, 6 parameters
      best logp = -103.758 (reached at iter 1, walker 5)
      acceptance_fraction (0.22161671207992734->0.407811080835604 (median 0.3374205267938238))
  alpha_par       = 0.827763 +/- 0.0657722    (best=0.806329)
  alpha_perp      = 1.04477 +/- 0.0254062    (best=1.04398)
  b1              = 1.80299 +/- 0.47545      (best=1.79138)
  f               = 0.96678 +/- 0.301829     (best=1.07696)
  sigma8_z        = 0.45802 +/- 0.113691     (best=0.452052)
  sigma_fog       = 3.36738 +/- 0.380836     (best=3.29068)

rank #0: 2017-10-12 12:46:46,216 rsdfit.emcee_fitter WARNING  EMCEE Iteration   1200/2000  : 30 walkers, 6 parameters
      best logp = -103.758 (reached at iter 1, walker 5)
      acceptance_fraction (0.22814321398834306->0.3971690258118235 (median 0.3263946711074105))
  alpha_par       = 0.795645 +/- 0.0775336    (best=0.806329)
  alpha_perp      = 1.05491 +/- 0.046614     (best=1.04398)
  b1              = 1.67802 +/- 0.443794     (best=1.79138)
  f               = 1.02878 +/- 0.324289     (best=1.07696)
  sigma8_z        = 0.473813 +/- 0.109917     (best=0.452052)
  sigma_fog       = 3.27232 +/- 0.458907     (best=3.29068)

rank #0: 2017-10-12 12:50:11,915 rsdfit.emcee_fitter WARNING  EMCEE Iteration   1300/2000  : 30 walkers, 6 parameters
      best logp = -103.758 (reached at iter 1, walker 5)
      acceptance_fraction (0.21983089930822444->0.3866256725595696 (median 0.3251345119139124))
  alpha_par       = 0.804893 +/- 0.0734029    (best=0.806329)
  alpha_perp      = 1.05177 +/- 0.0516133    (best=1.04398)
  b1              = 1.7643 +/- 0.428693     (best=1.79138)
  f               = 1.07015 +/- 0.306335     (best=1.07696)
  sigma8_z        = 0.4706 +/- 0.106632     (best=0.452052)
  sigma_fog       = 3.36537 +/- 0.441482     (best=3.29068)

rank #0: 2017-10-12 12:53:36,840 rsdfit.emcee_fitter WARNING  EMCEE Iteration   1400/2000  : 30 walkers, 6 parameters
      best logp = -103.758 (reached at iter 1, walker 5)
      acceptance_fraction (0.21341898643825838->0.38615274803711636 (median 0.32012847965738755))
  alpha_par       = 0.825726 +/- 0.0981458    (best=0.806329)
  alpha_perp      = 1.04657 +/- 0.0438567    (best=1.04398)
  b1              = 1.73496 +/- 0.435811     (best=1.79138)
  f               = 1.02148 +/- 0.329613     (best=1.07696)
  sigma8_z        = 0.462654 +/- 0.108749     (best=0.452052)
  sigma_fog       = 3.32255 +/- 0.655363     (best=3.29068)

rank #0: 2017-10-12 12:53:48,344 rsdfit.emcee_fitter WARNING  EMCEE: exception occurred - trying to save current state of chain
rank #0: 2017-10-12 12:53:48,346 rsdfit.emcee_fitter WARNING     traceback:
Traceback (most recent call last):
  File "/Users/nhand/anaconda/envs/py36/lib/python3.6/site-packages/pyRSD-0.1.12-py3.6-macosx-10.7-x86_64.egg/pyRSD/rsd/_cache.py", line 328, in __call__
    return self.spline(k)
  File "/Users/nhand/anaconda/envs/py36/lib/python3.6/site-packages/pyRSD-0.1.12-py3.6-macosx-10.7-x86_64.egg/pyRSD/rsd/tools.py", line 373, in __call__
    return self._evaluate_spline(x_new)*1.
  File "/Users/nhand/anaconda/envs/py36/lib/python3.6/site-packages/pyRSD-0.1.12-py3.6-macosx-10.7-x86_64.egg/pyRSD/rsd/tools.py", line 387, in _evaluate_spline
    raise InterpolationDomainError(above_bounds=above, below_bounds=below)
pyRSD.rsd._interpolate.InterpolationDomainError

During handling of the above exception, another exception occurred:

Traceback (most recent call last):
  File "/Users/nhand/anaconda/envs/py36/lib/python3.6/site-packages/pyRSD-0.1.12-py3.6-macosx-10.7-x86_64.egg/pyRSD/rsdfit/driver.py", line 762, in lnprob
    lnlike = self.lnlike()
  File "/Users/nhand/anaconda/envs/py36/lib/python3.6/site-packages/pyRSD-0.1.12-py3.6-macosx-10.7-x86_64.egg/pyRSD/rsdfit/driver.py", line 730, in lnlike
    return -0.5*self.chi2(theta=theta)
  File "/Users/nhand/anaconda/envs/py36/lib/python3.6/site-packages/pyRSD-0.1.12-py3.6-macosx-10.7-x86_64.egg/pyRSD/rsdfit/driver.py", line 710, in chi2
    diff = self.combined_model - self.data.combined_power
  File "/Users/nhand/anaconda/envs/py36/lib/python3.6/site-packages/pyRSD-0.1.12-py3.6-macosx-10.7-x86_64.egg/pyRSD/rsdfit/driver.py", line 642, in combined_model
    return self.model_callable()
  File "/Users/nhand/anaconda/envs/py36/lib/python3.6/site-packages/pyRSD-0.1.12-py3.6-macosx-10.7-x86_64.egg/pyRSD/rsdfit/theory/base.py", line 644, in evaluate
    P = self.model.power(k,mu)
pyRSD.rsd._interpolate.InterpolationDomainError: wavenumber range outside interpolation domain
desired wavenumbers greater than max of interpolation domain, try adusting ``kmax`` attribute

During handling of the above exception, another exception occurred:

Traceback (most recent call last):
  File "/Users/nhand/anaconda/envs/py36/lib/python3.6/site-packages/pyRSD-0.1.12-py3.6-macosx-10.7-x86_64.egg/pyRSD/rsdfit/solvers/emcee_solver.py", line 350, in run
    for niter, result in manager.sample(p0, lnprob0):
  File "/Users/nhand/anaconda/envs/py36/lib/python3.6/site-packages/emcee/ensemble.py", line 259, in sample
    lnprob[S0])
  File "/Users/nhand/anaconda/envs/py36/lib/python3.6/site-packages/emcee/ensemble.py", line 332, in _propose_stretch
    newlnprob, blob = self._get_lnprob(q)
  File "/Users/nhand/anaconda/envs/py36/lib/python3.6/site-packages/emcee/ensemble.py", line 382, in _get_lnprob
    results = list(M(self.lnprobfn, [p[i] for i in range(len(p))]))
  File "/Users/nhand/anaconda/envs/py36/lib/python3.6/site-packages/emcee/ensemble.py", line 519, in __call__
    return self.f(x, *self.args, **self.kwargs)
RuntimeError: exception while computing log-likelihood:
   current parameters:
Parameters
__________
<Parameter 'alpha'              value=0.70454         (constrained)       no prior>
<Parameter 'alpha_drag'         value=1               (fixed, fiducial)   no prior>
<Parameter 'alpha_par'          value=0.32545         (free)              Uniform(lower=0.3, upper=1.8)>
<Parameter 'alpha_perp'         value=1.0366          (free)              Uniform(lower=0.3, upper=1.8)>
<Parameter 'b1'                 value=1.6947          (free)              Uniform(lower=1.2, upper=6.0)>
<Parameter 'b1sigma8'           value=0.57724         (constrained)       no prior>
<Parameter 'epsilon'            value=-0.32034        (constrained)       no prior>
<Parameter 'f'                  value=1.5606          (free)              Uniform(lower=0, upper=2.0)>
<Parameter 'F_AP'               value=0.31396         (constrained)       no prior>
<Parameter 'f_nl'               value=0               (fixed, fiducial)   Uniform(lower=-100.0, upper=100.0)>
<Parameter 'fsigma8'            value=0.53156         (constrained)       no prior>
<Parameter 'N'                  value=0               (fixed, fiducial)   Uniform(lower=-500.0, upper=500.0)>
<Parameter 'sigma8_z'           value=0.3406          (free)              Uniform(lower=0, upper=2.0)>
<Parameter 'sigma_fog'          value=0.24199         (free)              Uniform(lower=0.0, upper=20.0)>

Constraints
__________
F_AP = alpha_par/alpha_perp
alpha = (alpha_perp**2 * alpha_par)**(1./3)
b1sigma8 = b1*sigma8_z
epsilon = (alpha_perp/alpha_par)**(-1./3) - 1.0
fsigma8 = f*sigma8_z

   traceback:
Traceback (most recent call last):
  File "/Users/nhand/anaconda/envs/py36/lib/python3.6/site-packages/pyRSD-0.1.12-py3.6-macosx-10.7-x86_64.egg/pyRSD/rsd/_cache.py", line 328, in __call__
    return self.spline(k)
  File "/Users/nhand/anaconda/envs/py36/lib/python3.6/site-packages/pyRSD-0.1.12-py3.6-macosx-10.7-x86_64.egg/pyRSD/rsd/tools.py", line 373, in __call__
    return self._evaluate_spline(x_new)*1.
  File "/Users/nhand/anaconda/envs/py36/lib/python3.6/site-packages/pyRSD-0.1.12-py3.6-macosx-10.7-x86_64.egg/pyRSD/rsd/tools.py", line 387, in _evaluate_spline
    raise InterpolationDomainError(above_bounds=above, below_bounds=below)
pyRSD.rsd._interpolate.InterpolationDomainError

During handling of the above exception, another exception occurred:

Traceback (most recent call last):
  File "/Users/nhand/anaconda/envs/py36/lib/python3.6/site-packages/pyRSD-0.1.12-py3.6-macosx-10.7-x86_64.egg/pyRSD/rsdfit/driver.py", line 762, in lnprob
    lnlike = self.lnlike()
  File "/Users/nhand/anaconda/envs/py36/lib/python3.6/site-packages/pyRSD-0.1.12-py3.6-macosx-10.7-x86_64.egg/pyRSD/rsdfit/driver.py", line 730, in lnlike
    return -0.5*self.chi2(theta=theta)
  File "/Users/nhand/anaconda/envs/py36/lib/python3.6/site-packages/pyRSD-0.1.12-py3.6-macosx-10.7-x86_64.egg/pyRSD/rsdfit/driver.py", line 710, in chi2
    diff = self.combined_model - self.data.combined_power
  File "/Users/nhand/anaconda/envs/py36/lib/python3.6/site-packages/pyRSD-0.1.12-py3.6-macosx-10.7-x86_64.egg/pyRSD/rsdfit/driver.py", line 642, in combined_model
    return self.model_callable()
  File "/Users/nhand/anaconda/envs/py36/lib/python3.6/site-packages/pyRSD-0.1.12-py3.6-macosx-10.7-x86_64.egg/pyRSD/rsdfit/theory/base.py", line 644, in evaluate
    P = self.model.power(k,mu)
  File "/Users/nhand/anaconda/envs/py36/lib/python3.6/site-packages/pyRSD-0.1.12-py3.6-macosx-10.7-x86_64.egg/pyRSD/rsd/tools.py", line 208, in wrap
    pkmu = f(self, *args, **kwargs)
  File "/Users/nhand/anaconda/envs/py36/lib/python3.6/site-packages/pyRSD-0.1.12-py3.6-macosx-10.7-x86_64.egg/pyRSD/rsd/power/qso/power_qso.py", line 269, in power
    pkmu = super(QuasarSpectrum, self).power(k, mu)
  File "/Users/nhand/anaconda/envs/py36/lib/python3.6/site-packages/pyRSD-0.1.12-py3.6-macosx-10.7-x86_64.egg/pyRSD/rsd/tools.py", line 263, in wrapper
    P = np.squeeze(f(self, *args, **kwargs))
  File "/Users/nhand/anaconda/envs/py36/lib/python3.6/site-packages/pyRSD-0.1.12-py3.6-macosx-10.7-x86_64.egg/pyRSD/rsd/power/dm/power_dm.py", line 980, in power
    pkmu = self._power(k, mu)
  File "/Users/nhand/anaconda/envs/py36/lib/python3.6/site-packages/pyRSD-0.1.12-py3.6-macosx-10.7-x86_64.egg/pyRSD/rsd/power/dm/power_dm.py", line 1128, in _power
    toret += funcs[i](k, mu)
  File "/Users/nhand/anaconda/envs/py36/lib/python3.6/site-packages/pyRSD-0.1.12-py3.6-macosx-10.7-x86_64.egg/pyRSD/rsd/tools.py", line 218, in wrap
    pkmu = f(self, *args, **kwargs)
  File "/Users/nhand/anaconda/envs/py36/lib/python3.6/site-packages/pyRSD-0.1.12-py3.6-macosx-10.7-x86_64.egg/pyRSD/rsd/power/dm/power_dm.py", line 1056, in _P_mu0
    return self.P_mu0(k)
  File "/Users/nhand/anaconda/envs/py36/lib/python3.6/site-packages/pyRSD-0.1.12-py3.6-macosx-10.7-x86_64.egg/pyRSD/rsd/_cache.py", line 377, in wrapped
    return self._cache[name](*args, **kws)
  File "/Users/nhand/anaconda/envs/py36/lib/python3.6/site-packages/pyRSD-0.1.12-py3.6-macosx-10.7-x86_64.egg/pyRSD/rsd/_cache.py", line 337, in __call__
    raise InterpolationDomainError(msg)
pyRSD.rsd._interpolate.InterpolationDomainError: wavenumber range outside interpolation domain
desired wavenumbers greater than max of interpolation domain, try adusting ``kmax`` attribute


rank #0: 2017-10-12 12:53:48,347 rsdfit.emcee_fitter WARNING  EMCEE: setting exception to true before exiting
rank #0: 2017-10-12 12:53:48,347 rsdfit.emcee_fitter WARNING  EMCEE: ...iterations finished. Time elapsed: 0:51:45.08
rank #0: 2017-10-12 12:53:48,347 rsdfit.emcee_fitter WARNING  EMCEE: mean acceptance fraction: 0.318
rank #0: 2017-10-12 12:54:10,730 rsdfit.emcee_fitter WARNING  EMCEE: exiting EMCEE fitter with exception = True
rank #0: 2017-10-12 12:54:10,731 rsdfit.fitting_driver INFO     rank 0 on utley        ...fitting complete
rank #0: 2017-10-12 12:54:10,733 rsdfit.fitting_driver INFO     rank 0 on utley        Saving the results to `/Users/nhand/Research/Analysis/thesis/eBOSS-QSO-PNG/fits/results/data/v1.9f/0.0001-0.4/basemodel-fs8-alphas/0.9-2.2/QSO-N-P0+P2-2899582d3b/2017-10-12_30x1406_chain0__1.npz`
rank #0: 2017-10-12 12:54:10,781 FileLogger   ERROR    traceback:
Traceback (most recent call last):
  File "/Users/nhand/anaconda/envs/py36/lib/python3.6/site-packages/pyRSD-0.1.12-py3.6-macosx-10.7-x86_64.egg/pyRSD/rsd/_cache.py", line 328, in __call__
    return self.spline(k)
  File "/Users/nhand/anaconda/envs/py36/lib/python3.6/site-packages/pyRSD-0.1.12-py3.6-macosx-10.7-x86_64.egg/pyRSD/rsd/tools.py", line 373, in __call__
    return self._evaluate_spline(x_new)*1.
  File "/Users/nhand/anaconda/envs/py36/lib/python3.6/site-packages/pyRSD-0.1.12-py3.6-macosx-10.7-x86_64.egg/pyRSD/rsd/tools.py", line 387, in _evaluate_spline
    raise InterpolationDomainError(above_bounds=above, below_bounds=below)
pyRSD.rsd._interpolate.InterpolationDomainError

During handling of the above exception, another exception occurred:

Traceback (most recent call last):
  File "/Users/nhand/anaconda/envs/py36/lib/python3.6/site-packages/pyRSD-0.1.12-py3.6-macosx-10.7-x86_64.egg/pyRSD/rsdfit/driver.py", line 762, in lnprob
    lnlike = self.lnlike()
  File "/Users/nhand/anaconda/envs/py36/lib/python3.6/site-packages/pyRSD-0.1.12-py3.6-macosx-10.7-x86_64.egg/pyRSD/rsdfit/driver.py", line 730, in lnlike
    return -0.5*self.chi2(theta=theta)
  File "/Users/nhand/anaconda/envs/py36/lib/python3.6/site-packages/pyRSD-0.1.12-py3.6-macosx-10.7-x86_64.egg/pyRSD/rsdfit/driver.py", line 710, in chi2
    diff = self.combined_model - self.data.combined_power
  File "/Users/nhand/anaconda/envs/py36/lib/python3.6/site-packages/pyRSD-0.1.12-py3.6-macosx-10.7-x86_64.egg/pyRSD/rsdfit/driver.py", line 642, in combined_model
    return self.model_callable()
  File "/Users/nhand/anaconda/envs/py36/lib/python3.6/site-packages/pyRSD-0.1.12-py3.6-macosx-10.7-x86_64.egg/pyRSD/rsdfit/theory/base.py", line 644, in evaluate
    P = self.model.power(k,mu)
pyRSD.rsd._interpolate.InterpolationDomainError: wavenumber range outside interpolation domain
desired wavenumbers greater than max of interpolation domain, try adusting ``kmax`` attribute

During handling of the above exception, another exception occurred:

Traceback (most recent call last):
  File "/Users/nhand/anaconda/envs/py36/lib/python3.6/site-packages/pyRSD-0.1.12-py3.6-macosx-10.7-x86_64.egg/pyRSD/rsdfit/rsdfit.py", line 267, in run
    raise logger.exception
  File "/Users/nhand/anaconda/envs/py36/lib/python3.6/site-packages/pyRSD-0.1.12-py3.6-macosx-10.7-x86_64.egg/pyRSD/rsdfit/solvers/emcee_solver.py", line 350, in run
    for niter, result in manager.sample(p0, lnprob0):
  File "/Users/nhand/anaconda/envs/py36/lib/python3.6/site-packages/emcee/ensemble.py", line 259, in sample
    lnprob[S0])
  File "/Users/nhand/anaconda/envs/py36/lib/python3.6/site-packages/emcee/ensemble.py", line 332, in _propose_stretch
    newlnprob, blob = self._get_lnprob(q)
  File "/Users/nhand/anaconda/envs/py36/lib/python3.6/site-packages/emcee/ensemble.py", line 382, in _get_lnprob
    results = list(M(self.lnprobfn, [p[i] for i in range(len(p))]))
RuntimeError: exception while computing log-likelihood:
   current parameters:
Parameters
__________
<Parameter 'alpha'              value=0.70454         (constrained)       no prior>
<Parameter 'alpha_drag'         value=1               (fixed, fiducial)   no prior>
<Parameter 'alpha_par'          value=0.32545         (free)              Uniform(lower=0.3, upper=1.8)>
<Parameter 'alpha_perp'         value=1.0366          (free)              Uniform(lower=0.3, upper=1.8)>
<Parameter 'b1'                 value=1.6947          (free)              Uniform(lower=1.2, upper=6.0)>
<Parameter 'b1sigma8'           value=0.57724         (constrained)       no prior>
<Parameter 'epsilon'            value=-0.32034        (constrained)       no prior>
<Parameter 'f'                  value=1.5606          (free)              Uniform(lower=0, upper=2.0)>
<Parameter 'F_AP'               value=0.31396         (constrained)       no prior>
<Parameter 'f_nl'               value=0               (fixed, fiducial)   Uniform(lower=-100.0, upper=100.0)>
<Parameter 'fsigma8'            value=0.53156         (constrained)       no prior>
<Parameter 'N'                  value=0               (fixed, fiducial)   Uniform(lower=-500.0, upper=500.0)>
<Parameter 'sigma8_z'           value=0.3406          (free)              Uniform(lower=0, upper=2.0)>
<Parameter 'sigma_fog'          value=0.24199         (free)              Uniform(lower=0.0, upper=20.0)>

Constraints
__________
F_AP = alpha_par/alpha_perp
alpha = (alpha_perp**2 * alpha_par)**(1./3)
b1sigma8 = b1*sigma8_z
epsilon = (alpha_perp/alpha_par)**(-1./3) - 1.0
fsigma8 = f*sigma8_z

   traceback:
Traceback (most recent call last):
  File "/Users/nhand/anaconda/envs/py36/lib/python3.6/site-packages/pyRSD-0.1.12-py3.6-macosx-10.7-x86_64.egg/pyRSD/rsd/_cache.py", line 328, in __call__
    return self.spline(k)
  File "/Users/nhand/anaconda/envs/py36/lib/python3.6/site-packages/pyRSD-0.1.12-py3.6-macosx-10.7-x86_64.egg/pyRSD/rsd/tools.py", line 373, in __call__
    return self._evaluate_spline(x_new)*1.
  File "/Users/nhand/anaconda/envs/py36/lib/python3.6/site-packages/pyRSD-0.1.12-py3.6-macosx-10.7-x86_64.egg/pyRSD/rsd/tools.py", line 387, in _evaluate_spline
    raise InterpolationDomainError(above_bounds=above, below_bounds=below)
pyRSD.rsd._interpolate.InterpolationDomainError

During handling of the above exception, another exception occurred:

Traceback (most recent call last):
  File "/Users/nhand/anaconda/envs/py36/lib/python3.6/site-packages/pyRSD-0.1.12-py3.6-macosx-10.7-x86_64.egg/pyRSD/rsdfit/driver.py", line 762, in lnprob
    lnlike = self.lnlike()
  File "/Users/nhand/anaconda/envs/py36/lib/python3.6/site-packages/pyRSD-0.1.12-py3.6-macosx-10.7-x86_64.egg/pyRSD/rsdfit/driver.py", line 730, in lnlike
    return -0.5*self.chi2(theta=theta)
  File "/Users/nhand/anaconda/envs/py36/lib/python3.6/site-packages/pyRSD-0.1.12-py3.6-macosx-10.7-x86_64.egg/pyRSD/rsdfit/driver.py", line 710, in chi2
    diff = self.combined_model - self.data.combined_power
  File "/Users/nhand/anaconda/envs/py36/lib/python3.6/site-packages/pyRSD-0.1.12-py3.6-macosx-10.7-x86_64.egg/pyRSD/rsdfit/driver.py", line 642, in combined_model
    return self.model_callable()
  File "/Users/nhand/anaconda/envs/py36/lib/python3.6/site-packages/pyRSD-0.1.12-py3.6-macosx-10.7-x86_64.egg/pyRSD/rsdfit/theory/base.py", line 644, in evaluate
    P = self.model.power(k,mu)
  File "/Users/nhand/anaconda/envs/py36/lib/python3.6/site-packages/pyRSD-0.1.12-py3.6-macosx-10.7-x86_64.egg/pyRSD/rsd/tools.py", line 208, in wrap
    pkmu = f(self, *args, **kwargs)
  File "/Users/nhand/anaconda/envs/py36/lib/python3.6/site-packages/pyRSD-0.1.12-py3.6-macosx-10.7-x86_64.egg/pyRSD/rsd/power/qso/power_qso.py", line 269, in power
    pkmu = super(QuasarSpectrum, self).power(k, mu)
  File "/Users/nhand/anaconda/envs/py36/lib/python3.6/site-packages/pyRSD-0.1.12-py3.6-macosx-10.7-x86_64.egg/pyRSD/rsd/tools.py", line 263, in wrapper
    P = np.squeeze(f(self, *args, **kwargs))
  File "/Users/nhand/anaconda/envs/py36/lib/python3.6/site-packages/pyRSD-0.1.12-py3.6-macosx-10.7-x86_64.egg/pyRSD/rsd/power/dm/power_dm.py", line 980, in power
    pkmu = self._power(k, mu)
  File "/Users/nhand/anaconda/envs/py36/lib/python3.6/site-packages/pyRSD-0.1.12-py3.6-macosx-10.7-x86_64.egg/pyRSD/rsd/power/dm/power_dm.py", line 1128, in _power
    toret += funcs[i](k, mu)
  File "/Users/nhand/anaconda/envs/py36/lib/python3.6/site-packages/pyRSD-0.1.12-py3.6-macosx-10.7-x86_64.egg/pyRSD/rsd/tools.py", line 218, in wrap
    pkmu = f(self, *args, **kwargs)
  File "/Users/nhand/anaconda/envs/py36/lib/python3.6/site-packages/pyRSD-0.1.12-py3.6-macosx-10.7-x86_64.egg/pyRSD/rsd/power/dm/power_dm.py", line 1056, in _P_mu0
    return self.P_mu0(k)
  File "/Users/nhand/anaconda/envs/py36/lib/python3.6/site-packages/pyRSD-0.1.12-py3.6-macosx-10.7-x86_64.egg/pyRSD/rsd/_cache.py", line 377, in wrapped
    return self._cache[name](*args, **kws)
  File "/Users/nhand/anaconda/envs/py36/lib/python3.6/site-packages/pyRSD-0.1.12-py3.6-macosx-10.7-x86_64.egg/pyRSD/rsd/_cache.py", line 337, in __call__
    raise InterpolationDomainError(msg)
pyRSD.rsd._interpolate.InterpolationDomainError: wavenumber range outside interpolation domain
desired wavenumbers greater than max of interpolation domain, try adusting ``kmax`` attribute


